{
  "stats": {
    "suites": 35,
    "tests": 75,
    "passes": 58,
    "pending": 5,
    "failures": 12,
    "start": "2018-09-14T06:48:33.603Z",
    "end": "2018-09-14T07:35:46.364Z",
    "duration": 2832761,
    "testsRegistered": 75,
    "passPercent": 82.9,
    "pendingPercent": 6.7,
    "other": 0,
    "hasOther": false,
    "skipped": 0,
    "hasSkipped": false,
    "passPercentClass": "success",
    "pendingPercentClass": "danger"
  },
  "suites": {
    "uuid": "461a8871-b1e5-4612-8f38-ba4cf00e7245",
    "title": "",
    "fullFile": "",
    "file": "",
    "beforeHooks": [],
    "afterHooks": [],
    "tests": [],
    "suites": [
      {
        "uuid": "bca081ce-eb7c-4584-8a2c-176c1c43ce07",
        "title": "MDP oublié",
        "fullFile": "/Users/ngoc.le/appium-testing/ios/000-forgotpw-ios.js",
        "file": "/ios/000-forgotpw-ios.js",
        "beforeHooks": [
          {
            "title": "\"before all\" hook",
            "fullTitle": "MDP oublié \"before all\" hook",
            "timedOut": false,
            "duration": 7,
            "pass": false,
            "fail": false,
            "pending": false,
            "code": "driver = wd.promiseChainRemote(opts);\nrequire(\"../logging\").configure(driver);",
            "err": {},
            "isRoot": false,
            "uuid": "3fb377d4-af11-473a-936b-4071f7a297ae",
            "isHook": true,
            "skipped": false
          },
          {
            "title": "\"before each\" hook",
            "fullTitle": "MDP oublié \"before each\" hook",
            "timedOut": false,
            "duration": 6012,
            "pass": false,
            "fail": false,
            "pending": false,
            "code": "return driver.init(desired);",
            "err": {},
            "isRoot": false,
            "uuid": "63a5ecd5-b390-4ff6-9daa-90a8e3f3705d",
            "isHook": true,
            "skipped": false
          }
        ],
        "afterHooks": [
          {
            "title": "\"after all\" hook",
            "fullTitle": "MDP oublié \"after all\" hook",
            "timedOut": false,
            "duration": 0,
            "pass": false,
            "fail": false,
            "pending": false,
            "code": "if (!allPassed) {\n    console.log(\"all tests passed\");\n}",
            "err": {},
            "isRoot": false,
            "uuid": "a1cb42c3-2a09-4e18-89cf-597038ad446e",
            "isHook": true,
            "skipped": false
          },
          {
            "title": "\"after each\" hook",
            "fullTitle": "MDP oublié \"after each\" hook",
            "timedOut": false,
            "duration": 256,
            "pass": false,
            "fail": false,
            "pending": false,
            "code": "allPassed = allPassed && this.currentTest.state === 'passed';\nreturn driver.quit();",
            "err": {},
            "isRoot": false,
            "uuid": "c0856935-8248-4f94-ae96-b9d5af0d1d73",
            "isHook": true,
            "skipped": false
          }
        ],
        "tests": [
          {
            "title": "MDP oublié avec l'email incorrect",
            "fullTitle": "MDP oublié MDP oublié avec l'email incorrect",
            "timedOut": false,
            "duration": 11952,
            "state": "passed",
            "speed": "slow",
            "pass": true,
            "fail": false,
            "pending": false,
            "code": "_shared.methods.verifyLoginState(driver)\n    .elementByAccessibilityId(\"btn-login\")\n    .should.eventually.exist\n    .click()\n    .elementByAccessibilityId('Forgotten password?')\n    .should.eventually.exist\n    .click()\n    .waitForElementByAccessibilityId('Enter your email and we will send your password', 2000)\n    .should.eventually.exist\n    .elementByXPath('//XCUIElementTypeApplication[@name=\"Vestiaire\"]/XCUIElementTypeWindow[1]/XCUIElementTypeOther/XCUIElementTypeOther/XCUIElementTypeOther/XCUIElementTypeOther/XCUIElementTypeOther/XCUIElementTypeTable/XCUIElementTypeCell[2]/XCUIElementTypeTextField')\n    .should.eventually.exist\n    .sendKeys(\"ngoc.le+10000@tttttttttt.com\")\n    .elementByAccessibilityId(\"SEND\")\n    .should.eventually.exist\n    .click()\n    .waitForElementByAccessibilityId('bar_notif_error',5000)\n    .should.eventually.exist\n    .nodeify(done);",
            "err": {},
            "isRoot": false,
            "uuid": "eb5b0910-9de4-4562-8c80-68d4f5ed55a2",
            "isHook": false,
            "skipped": false
          },
          {
            "title": "MDP oublié avec l'email correct",
            "fullTitle": "MDP oublié MDP oublié avec l'email correct",
            "timedOut": false,
            "duration": 15754,
            "state": "passed",
            "speed": "slow",
            "pass": true,
            "fail": false,
            "pending": false,
            "code": "_shared.methods.verifyLoginState(driver)\n    .elementByAccessibilityId(\"btn-login\")\n    .should.eventually.exist\n    .click()\n    .elementByAccessibilityId('Forgotten password?')\n    .should.eventually.exist\n    .click()\n    .waitForElementByAccessibilityId('Enter your email and we will send your password', 2000)\n    .should.eventually.exist\n    .elementByXPath('//XCUIElementTypeApplication[@name=\"Vestiaire\"]/XCUIElementTypeWindow[1]/XCUIElementTypeOther/XCUIElementTypeOther/XCUIElementTypeOther/XCUIElementTypeOther/XCUIElementTypeOther/XCUIElementTypeTable/XCUIElementTypeCell[2]/XCUIElementTypeTextField')\n    .should.eventually.exist\n    .sendKeys(\"ngoc.le+11@vestiairecollective.com\")\n    .elementByAccessibilityId(\"SEND\")\n    .should.eventually.exist\n    .click()\n    .sleep(3000)\n    .hasElementByAccessibilityId(\"bar_notif_confirm\")\n    .then(function(exist) {\n        if(exist)\n            return driver.elementByAccessibilityId(\"bar_notif_confirm\");\n        else\n            return driver.elementByAccessibilityId('bar_notif_error');\n    })\n    .should.eventually.exist\n    .nodeify(done);",
            "err": {},
            "isRoot": false,
            "uuid": "53c86442-8e8f-41cd-b82d-19dc56c4e0f1",
            "isHook": false,
            "skipped": false
          }
        ],
        "suites": [],
        "passes": [
          "eb5b0910-9de4-4562-8c80-68d4f5ed55a2",
          "53c86442-8e8f-41cd-b82d-19dc56c4e0f1"
        ],
        "failures": [],
        "pending": [],
        "skipped": [],
        "duration": 27706,
        "root": false,
        "rootEmpty": false,
        "_timeout": 300000
      },
      {
        "uuid": "2230ef29-2c0a-4484-861f-4320711f9b68",
        "title": "Inscription",
        "fullFile": "/Users/ngoc.le/appium-testing/ios/001-registration-ios.js",
        "file": "/ios/001-registration-ios.js",
        "beforeHooks": [
          {
            "title": "\"before all\" hook",
            "fullTitle": "Inscription \"before all\" hook",
            "timedOut": false,
            "duration": 1,
            "pass": false,
            "fail": false,
            "pending": false,
            "code": "driver = wd.promiseChainRemote(opts);\nrequire(\"../logging\").configure(driver);",
            "err": {},
            "isRoot": false,
            "uuid": "04e6a72e-3baa-45e8-96f6-9b8392688181",
            "isHook": true,
            "skipped": false
          },
          {
            "title": "\"before each\" hook",
            "fullTitle": "Inscription \"before each\" hook",
            "timedOut": false,
            "duration": 4552,
            "pass": false,
            "fail": false,
            "pending": false,
            "code": "return driver.init(desired);",
            "err": {},
            "isRoot": false,
            "uuid": "3957f175-7b08-4232-bea1-17a4be1c0ea1",
            "isHook": true,
            "skipped": false
          }
        ],
        "afterHooks": [
          {
            "title": "\"after all\" hook",
            "fullTitle": "Inscription \"after all\" hook",
            "timedOut": false,
            "duration": 0,
            "pass": false,
            "fail": false,
            "pending": false,
            "code": "if (!allPassed) {\n    console.log(\"all tests passed\");\n}",
            "err": {},
            "isRoot": false,
            "uuid": "5cfab9e6-68d5-4080-a847-ddee0f959ca6",
            "isHook": true,
            "skipped": false
          },
          {
            "title": "\"after each\" hook",
            "fullTitle": "Inscription \"after each\" hook",
            "timedOut": false,
            "duration": 329,
            "pass": false,
            "fail": false,
            "pending": false,
            "code": "allPassed = allPassed && this.currentTest.state === 'passed';\nreturn driver.quit();",
            "err": {},
            "isRoot": false,
            "uuid": "790fb38e-167b-4f5f-ac58-bb521a66a494",
            "isHook": true,
            "skipped": false
          }
        ],
        "tests": [
          {
            "title": "Inscrire avec l'email incorrect",
            "fullTitle": "Inscription Inscrire avec l'email incorrect",
            "timedOut": false,
            "duration": 24097,
            "state": "passed",
            "speed": "slow",
            "pass": true,
            "fail": false,
            "pending": false,
            "code": "_shared.methods.verifyLoginState(driver) // login and register page\n    .waitForElementByAccessibilityId('btn-register', 2000)\n    .should.eventually.exist\n    .click()\n    .waitForElementByAccessibilityId('Male', 2000)\n    .should.eventually.exist\n    .elementByXPath('//XCUIElementTypeApplication[@name=\"Vestiaire\"]/XCUIElementTypeWindow[1]/XCUIElementTypeOther/XCUIElementTypeOther/XCUIElementTypeOther/XCUIElementTypeOther/XCUIElementTypeOther/XCUIElementTypeTable/XCUIElementTypeCell[3]/XCUIElementTypeTextField')\n    .should.eventually.exist\n    .elementByXPath('//XCUIElementTypeApplication[@name=\"Vestiaire\"]/XCUIElementTypeWindow[1]/XCUIElementTypeOther/XCUIElementTypeOther/XCUIElementTypeOther/XCUIElementTypeOther/XCUIElementTypeOther/XCUIElementTypeTable/XCUIElementTypeCell[4]/XCUIElementTypeTextField')\n    .should.eventually.exist\n    .sendKeys(\"joeff@gmail\")\n    .elementByXPath('//XCUIElementTypeApplication[@name=\"Vestiaire\"]/XCUIElementTypeWindow[1]/XCUIElementTypeOther/XCUIElementTypeOther/XCUIElementTypeOther/XCUIElementTypeOther/XCUIElementTypeOther/XCUIElementTypeTable/XCUIElementTypeCell[5]/XCUIElementTypeSecureTextField')\n    .should.eventually.exist\n    .sendKeys(\"1234\")\n    .elementByAccessibilityId('Next:')\n    .click()\n    .waitForElementByAccessibilityId('eye show',2000)\n    .should.eventually.exist\n    .elementByXPath('//XCUIElementTypeSwitch[@name=\"By signing up, I agree to the terms and conditions of Vestiaire Collective\"]')\n    .should.eventually.exist\n    .click()\n    .waitForElementByAccessibilityId('SIGN UP', 2000)\n    .should.eventually.exist\n    .click()\n    .sleep(3000)\n    .hasElementByAccessibilityId('Me')\n    .should.eventually.be.false\n    .nodeify(done);",
            "err": {},
            "isRoot": false,
            "uuid": "44d02ebd-3f12-4cee-ab31-5ca5fe8fdade",
            "isHook": false,
            "skipped": false
          },
          {
            "title": "Inscrire avec l'email déjà existé",
            "fullTitle": "Inscription Inscrire avec l'email déjà existé",
            "timedOut": false,
            "duration": 23266,
            "state": "passed",
            "speed": "slow",
            "pass": true,
            "fail": false,
            "pending": false,
            "code": "_shared.methods.verifyLoginState(driver) // login and register page\n    .waitForElementByAccessibilityId('btn-register', 2000)\n    .should.eventually.exist\n    .click()\n    .waitForElementByAccessibilityId('Male', 2000)\n    .should.eventually.exist\n    .elementByXPath('//XCUIElementTypeApplication[@name=\"Vestiaire\"]/XCUIElementTypeWindow[1]/XCUIElementTypeOther/XCUIElementTypeOther/XCUIElementTypeOther/XCUIElementTypeOther/XCUIElementTypeOther/XCUIElementTypeTable/XCUIElementTypeCell[3]/XCUIElementTypeTextField')\n    .should.eventually.exist\n    .elementByXPath('//XCUIElementTypeApplication[@name=\"Vestiaire\"]/XCUIElementTypeWindow[1]/XCUIElementTypeOther/XCUIElementTypeOther/XCUIElementTypeOther/XCUIElementTypeOther/XCUIElementTypeOther/XCUIElementTypeTable/XCUIElementTypeCell[4]/XCUIElementTypeTextField')\n    .should.eventually.exist\n    .sendKeys(\"ngoc.le+4@vestiairecollective.com\")\n    .elementByXPath('//XCUIElementTypeApplication[@name=\"Vestiaire\"]/XCUIElementTypeWindow[1]/XCUIElementTypeOther/XCUIElementTypeOther/XCUIElementTypeOther/XCUIElementTypeOther/XCUIElementTypeOther/XCUIElementTypeTable/XCUIElementTypeCell[5]/XCUIElementTypeSecureTextField')\n    .should.eventually.exist\n    .sendKeys(\"002299\")\n    .elementByAccessibilityId('Next:')\n    .click()\n    .waitForElementByAccessibilityId('eye show',2000)\n    .should.eventually.exist\n    .elementByXPath('//XCUIElementTypeSwitch[@name=\"By signing up, I agree to the terms and conditions of Vestiaire Collective\"]')\n    .should.eventually.exist\n    .click()\n    .waitForElementByAccessibilityId('SIGN UP', 2000)\n    .should.eventually.exist\n    .click()\n    .sleep(3000)\n    .hasElementByAccessibilityId('Me')\n    .should.eventually.be.false\n    .nodeify(done);",
            "err": {},
            "isRoot": false,
            "uuid": "cb1603ba-72a9-4277-8de7-3f7cdc6fc5f0",
            "isHook": false,
            "skipped": false
          },
          {
            "title": "Inscrire avec l'email correct",
            "fullTitle": "Inscription Inscrire avec l'email correct",
            "timedOut": false,
            "duration": 30541,
            "state": "passed",
            "speed": "slow",
            "pass": true,
            "fail": false,
            "pending": false,
            "code": "_shared.methods.verifyLoginState(driver) // login and register page\n    .waitForElementByAccessibilityId('btn-register', 2000)\n    .should.eventually.exist\n    .click()\n    .waitForElementByAccessibilityId('Already a member? Log in',2000)\n    .should.eventually.exist\n    .elementByAccessibilityId('arrow-right')\n    .should.eventually.exist\n    .click()\n    .waitForElementByAccessibilityId('LOG IN',2000)\n    .should.eventually.exist\n    .elementByAccessibilityId('Back')\n    .should.eventually.exist\n    .click()\n    .waitForElementByAccessibilityId('btn-register', 2000)\n    .should.eventually.exist\n    .click()\n    .waitForElementByAccessibilityId('Male', 2000)\n    .should.eventually.exist\n    .click()\n    .elementByXPath('//XCUIElementTypeApplication[@name=\"Vestiaire\"]/XCUIElementTypeWindow[1]/XCUIElementTypeOther/XCUIElementTypeOther/XCUIElementTypeOther/XCUIElementTypeOther/XCUIElementTypeOther/XCUIElementTypeTable/XCUIElementTypeCell[3]/XCUIElementTypeTextField')\n    .should.eventually.exist\n    .sendKeys(\"LEEEEE\")\n    .elementByXPath('//XCUIElementTypeApplication[@name=\"Vestiaire\"]/XCUIElementTypeWindow[1]/XCUIElementTypeOther/XCUIElementTypeOther/XCUIElementTypeOther/XCUIElementTypeOther/XCUIElementTypeOther/XCUIElementTypeTable/XCUIElementTypeCell[4]/XCUIElementTypeTextField')\n    .should.eventually.exist\n    .sendKeys('ngoc.le+' + Date.now() + '@vestiairecollective.com')\n    .elementByXPath('//XCUIElementTypeApplication[@name=\"Vestiaire\"]/XCUIElementTypeWindow[1]/XCUIElementTypeOther/XCUIElementTypeOther/XCUIElementTypeOther/XCUIElementTypeOther/XCUIElementTypeOther/XCUIElementTypeTable/XCUIElementTypeCell[5]/XCUIElementTypeSecureTextField')\n    .should.eventually.exist\n    .sendKeys(\"09051989\")\n    .elementByAccessibilityId('Next:')\n    .click()\n    .waitForElementByAccessibilityId('eye show',2000)\n    .should.eventually.exist\n    .waitForElementByAccessibilityId('Receive the vestiaire collective newsletter',2000)\n    .should.eventually.exist\n    .elementByXPath('//XCUIElementTypeStaticText[@name=\"By signing up, I agree to the terms and conditions of Vestiaire Collective\"]')\n    .should.eventually.exist\n    .elementByXPath('//XCUIElementTypeSwitch[@name=\"By signing up, I agree to the terms and conditions of Vestiaire Collective\"]')\n    .should.eventually.exist\n    .click()\n    .waitForElementByAccessibilityId('SIGN UP', 2000)\n    .should.eventually.exist\n    .click()\n    .waitForElementByAccessibilityId('Me', 3000)\n    .should.eventually.exist\n    .nodeify(done);",
            "err": {},
            "isRoot": false,
            "uuid": "d64c46e2-877d-40d0-9a68-80e8e361a50d",
            "isHook": false,
            "skipped": false
          }
        ],
        "suites": [],
        "passes": [
          "44d02ebd-3f12-4cee-ab31-5ca5fe8fdade",
          "cb1603ba-72a9-4277-8de7-3f7cdc6fc5f0",
          "d64c46e2-877d-40d0-9a68-80e8e361a50d"
        ],
        "failures": [],
        "pending": [],
        "skipped": [],
        "duration": 77904,
        "root": false,
        "rootEmpty": false,
        "_timeout": 300000
      },
      {
        "uuid": "40583334-a75b-4ba3-9b21-8e77973b763a",
        "title": "Connection",
        "fullFile": "/Users/ngoc.le/appium-testing/ios/002-identification-ios.js",
        "file": "/ios/002-identification-ios.js",
        "beforeHooks": [
          {
            "title": "\"before all\" hook",
            "fullTitle": "Connection \"before all\" hook",
            "timedOut": false,
            "duration": 1,
            "pass": false,
            "fail": false,
            "pending": false,
            "code": "driver = wd.promiseChainRemote(opts);\nrequire(\"../logging\").configure(driver);",
            "err": {},
            "isRoot": false,
            "uuid": "ba257713-8a13-42d6-9815-0f8b8690bf36",
            "isHook": true,
            "skipped": false
          },
          {
            "title": "\"before each\" hook",
            "fullTitle": "Connection \"before each\" hook",
            "timedOut": false,
            "duration": 4984,
            "pass": false,
            "fail": false,
            "pending": false,
            "code": "return driver.init(desired);",
            "err": {},
            "isRoot": false,
            "uuid": "b938f4ae-3968-4061-b505-a300897eb095",
            "isHook": true,
            "skipped": false
          }
        ],
        "afterHooks": [
          {
            "title": "\"after all\" hook",
            "fullTitle": "Connection \"after all\" hook",
            "timedOut": false,
            "duration": 0,
            "pass": false,
            "fail": false,
            "pending": false,
            "code": "if (!allPassed) {\n    console.log(\"all tests passed\");\n}",
            "err": {},
            "isRoot": false,
            "uuid": "bf95cfde-76cb-42dc-b8bb-6f244c627163",
            "isHook": true,
            "skipped": false
          },
          {
            "title": "\"after each\" hook",
            "fullTitle": "Connection \"after each\" hook",
            "timedOut": false,
            "duration": 304,
            "pass": false,
            "fail": false,
            "pending": false,
            "code": "allPassed = allPassed && this.currentTest.state === 'passed';\nreturn driver.quit();",
            "err": {},
            "isRoot": false,
            "uuid": "27fbed28-1b2f-4139-9ffd-f0ad45c2a6ad",
            "isHook": true,
            "skipped": false
          }
        ],
        "tests": [
          {
            "title": "Connecter avec l'email et mdp vide",
            "fullTitle": "Connection Connecter avec l'email et mdp vide",
            "timedOut": false,
            "duration": 29390,
            "state": "passed",
            "speed": "slow",
            "pass": true,
            "fail": false,
            "pending": false,
            "code": "_shared.methods.verifyLoginState(driver)\n    .elementByAccessibilityId(\"btn-login\")\n    .should.eventually.exist\n    .click()\n    .elementByXPath(\"//XCUIElementTypeApplication[@name=\\\"Vestiaire\\\"]/XCUIElementTypeWindow[1]/XCUIElementTypeOther/XCUIElementTypeOther/XCUIElementTypeOther/XCUIElementTypeOther/XCUIElementTypeOther/XCUIElementTypeTable/XCUIElementTypeCell[2]/XCUIElementTypeTextField\")\n    .should.eventually.exist\n    .elementByXPath('//XCUIElementTypeTable/XCUIElementTypeCell[2]/XCUIElementTypeTextField')\n    .click()\n    .sendKeys('ngoc.le+4@vestiairecollective.com')\n    .elementByAccessibilityId(\"LOG IN\")\n    .should.eventually.exist\n    .click()\n    .sleep(3000)\n    .hasElementByAccessibilityId('Me')\n    .should.eventually.be.false\n    .nodeify(done);",
            "err": {},
            "isRoot": false,
            "uuid": "08a13358-eea5-47a6-a3c9-1904ff46775a",
            "isHook": false,
            "skipped": false
          },
          {
            "title": "Connecter avec l'email incorrect",
            "fullTitle": "Connection Connecter avec l'email incorrect",
            "timedOut": false,
            "duration": 17125,
            "state": "passed",
            "speed": "slow",
            "pass": true,
            "fail": false,
            "pending": false,
            "code": "_shared.methods.verifyLoginState(driver)\n    .elementByAccessibilityId(\"btn-login\")\n    .should.eventually.exist\n    .click()\n    .waitForElementByXPath('//XCUIElementTypeTable/XCUIElementTypeCell[2]/XCUIElementTypeTextField', 2000)\n    .should.eventually.exist\n    .click()\n    .sendKeys('ngoc.le+4@vestiaire.com')\n    .elementByXPath('//XCUIElementTypeTable/XCUIElementTypeCell[3]/XCUIElementTypeSecureTextField')\n    .should.eventually.exist\n    .click()\n    .sendKeys('002299')\n    .elementByAccessibilityId(\"LOG IN\")\n    .should.eventually.exist\n    .click()\n    .sleep(3000)\n    .hasElementByAccessibilityId('Me')\n    .should.eventually.be.false\n    .nodeify(done);",
            "err": {},
            "isRoot": false,
            "uuid": "53f9c8ac-eb05-43b2-90c6-e3936a037692",
            "isHook": false,
            "skipped": false
          },
          {
            "title": "Connecter avec mdp incorrect",
            "fullTitle": "Connection Connecter avec mdp incorrect",
            "timedOut": false,
            "duration": 15457,
            "state": "passed",
            "speed": "slow",
            "pass": true,
            "fail": false,
            "pending": false,
            "code": "_shared.methods.verifyLoginState(driver)\n    .elementByAccessibilityId(\"btn-login\")\n    .should.eventually.exist\n    .click()\n    .waitForElementByXPath('//XCUIElementTypeTable/XCUIElementTypeCell[2]/XCUIElementTypeTextField', 2000)\n    .should.eventually.exist\n    .click()\n    .sendKeys('ngoc.le+4@vestiairecollective.com')\n    .elementByXPath('//XCUIElementTypeTable/XCUIElementTypeCell[3]/XCUIElementTypeSecureTextField')\n    .should.eventually.exist\n    .click()\n    .sendKeys('002233')\n    .elementByAccessibilityId(\"LOG IN\")\n    .should.eventually.exist\n    .click()\n    .waitForElementByAccessibilityId('bar_notif_error', 3000)\n    .should.eventually.exist\n    .hasElementByAccessibilityId('Me')\n    .should.eventually.be.false\n    .nodeify(done);",
            "err": {},
            "isRoot": false,
            "uuid": "be14c658-81f5-4a99-9483-1edaf96fd201",
            "isHook": false,
            "skipped": false
          },
          {
            "title": "Connecter avec email et mdp correct",
            "fullTitle": "Connection Connecter avec email et mdp correct",
            "timedOut": false,
            "duration": 20192,
            "state": "passed",
            "speed": "slow",
            "pass": true,
            "fail": false,
            "pending": false,
            "code": "_shared.methods.shouldLogin(driver, 'ngoc.le+4@vestiairecollective.com', '002299')\n    .nodeify(done);",
            "err": {},
            "isRoot": false,
            "uuid": "6232eb68-55c0-4985-b625-2b43e3d02447",
            "isHook": false,
            "skipped": false
          }
        ],
        "suites": [],
        "passes": [
          "08a13358-eea5-47a6-a3c9-1904ff46775a",
          "53f9c8ac-eb05-43b2-90c6-e3936a037692",
          "be14c658-81f5-4a99-9483-1edaf96fd201",
          "6232eb68-55c0-4985-b625-2b43e3d02447"
        ],
        "failures": [],
        "pending": [],
        "skipped": [],
        "duration": 82164,
        "root": false,
        "rootEmpty": false,
        "_timeout": 300000
      },
      {
        "uuid": "95e3c3eb-9be2-48bf-828b-adaec34fb9f6",
        "title": "Filtre",
        "fullFile": "/Users/ngoc.le/appium-testing/ios/003-search-filter-ios.js",
        "file": "/ios/003-search-filter-ios.js",
        "beforeHooks": [
          {
            "title": "\"before all\" hook",
            "fullTitle": "Filtre \"before all\" hook",
            "timedOut": false,
            "duration": 0,
            "pass": false,
            "fail": false,
            "pending": false,
            "code": "driver = wd.promiseChainRemote(opts);\nrequire(\"../logging\").configure(driver);",
            "err": {},
            "isRoot": false,
            "uuid": "0977991e-d29b-4545-b0c0-a78682cfbbad",
            "isHook": true,
            "skipped": false
          },
          {
            "title": "\"before each\" hook",
            "fullTitle": "Filtre \"before each\" hook",
            "timedOut": false,
            "duration": 4223,
            "pass": false,
            "fail": false,
            "pending": false,
            "code": "return driver.init(desired);",
            "err": {},
            "isRoot": false,
            "uuid": "ee3461d5-a103-4fd8-8165-6eef29856dbf",
            "isHook": true,
            "skipped": false
          }
        ],
        "afterHooks": [
          {
            "title": "\"after all\" hook",
            "fullTitle": "Filtre \"after all\" hook",
            "timedOut": false,
            "duration": 0,
            "pass": false,
            "fail": false,
            "pending": false,
            "code": "if (!allPassed) {\n    console.log(\"all tests passed\");\n}",
            "err": {},
            "isRoot": false,
            "uuid": "a46683d7-8e2c-4a99-bb2c-cab3934fbc38",
            "isHook": true,
            "skipped": false
          },
          {
            "title": "\"after each\" hook",
            "fullTitle": "Filtre \"after each\" hook",
            "timedOut": false,
            "duration": 397,
            "pass": false,
            "fail": false,
            "pending": false,
            "code": "allPassed = allPassed && this.currentTest.state === 'passed';\nreturn driver.quit();",
            "err": {},
            "isRoot": false,
            "uuid": "cd1ac9cd-9336-42ff-9302-ee2b6a593fa0",
            "isHook": true,
            "skipped": false
          }
        ],
        "tests": [
          {
            "title": "Recherche",
            "fullTitle": "Filtre Recherche",
            "timedOut": false,
            "duration": 14745,
            "state": "passed",
            "speed": "slow",
            "pass": true,
            "fail": false,
            "pending": false,
            "code": "// _shared.login.shouldLogin(driver)\ndriver\n    .waitForElementByXPath('//XCUIElementTypeApplication[@name=\"Vestiaire\"]/XCUIElementTypeWindow[1]/XCUIElementTypeOther/XCUIElementTypeOther/XCUIElementTypeOther/XCUIElementTypeOther/XCUIElementTypeOther/XCUIElementTypeOther/XCUIElementTypeOther/XCUIElementTypeOther[2]/XCUIElementTypeTextField', 3000)\n    .click()\n    .waitForElementByXPath('//XCUIElementTypeApplication[@name=\"Vestiaire\"]/XCUIElementTypeWindow[1]/XCUIElementTypeOther/XCUIElementTypeOther/XCUIElementTypeOther/XCUIElementTypeTextField', 2000)\n    .should.eventually.exist\n    .sendKeys('Dior')\n    .elementByXPath('//XCUIElementTypeStaticText[@name=\"dior \"]')\n    .should.eventually.exist\n    .click()\n    .waitForElementByXPath(\"//XCUIElementTypeApplication[@name='Vestiaire']/XCUIElementTypeWindow[1]/XCUIElementTypeOther/XCUIElementTypeTabBar\",2000)\n    .should.eventually.exist\n    .elementByXPath(\"//XCUIElementTypeApplication[@name='Vestiaire']/XCUIElementTypeWindow[1]/XCUIElementTypeOther/XCUIElementTypeOther/XCUIElementTypeOther/XCUIElementTypeOther/XCUIElementTypeOther/XCUIElementTypeOther/XCUIElementTypeOther/XCUIElementTypeCollectionView/XCUIElementTypeCell[1]/XCUIElementTypeOther/XCUIElementTypeOther\")\n    .should.eventually.exist\n    .elementByAccessibilityId(\"Back\")\n    .should.eventually.exist\n    .elementByAccessibilityId(\"FILTER & SORT\")\n    .should.eventually.exist\n    .nodeify(done);",
            "err": {},
            "isRoot": false,
            "uuid": "d4391953-ce44-4937-b01c-278c42e3a4a5",
            "isHook": false,
            "skipped": false
          },
          {
            "title": "Filtre",
            "fullTitle": "Filtre Filtre",
            "timedOut": false,
            "duration": 91102,
            "state": "passed",
            "speed": "slow",
            "pass": true,
            "fail": false,
            "pending": false,
            "code": "// _shared.login.shouldLogin(driver)\ndriver\n    .waitForElementByXPath('//XCUIElementTypeButton[@name=\"Me\"]', 5000)\n    .then(function () {\n        return _shared.methods.swipeBottomUpAndCheckIfElementExist(driver, \"SEE ALL NEW ITEMS\", \"AccessibilityId\");\n    })\n    .click()\n    .waitForElementByAccessibilityId(\"New items\", 1000)\n    .should.eventually.exist\n    .elementByAccessibilityId(\"Back\")\n    .should.eventually.exist\n    .elementByAccessibilityId(\"btn-cart\")\n    .should.eventually.exist\n    .elementByAccessibilityId(\"FILTER & SORT\")\n    .should.eventually.exist\n    .click()\n    .waitForElementByAccessibilityId(\"Woman categories\", 2000)\n    .should.eventually.exist\n    .click()\n    .elementByAccessibilityId(\"Bags\")\n    .should.eventually.exist\n    .elementByXPath('(//XCUIElementTypeImage[@name=\"arrow_down_categories\"])[2]')\n    .should.eventually.exist\n    .click()\n    .waitForElementByAccessibilityId('Handbags', 1000)\n    .should.eventually.exist\n    .click()\n    .waitForElementByAccessibilityId(\"CONFIRM\", 1000)\n    .click()\n    .then(function () {\n        return _shared.methods.swipeBottomUpAndCheckIfElementExist(driver, \"//XCUIElementTypeSwitch[starts-with(@name, 'Ready to ship  Items shipped within 48 hours')]\", \"XPath\");\n    })\n    .should.eventually.exist\n    .click()\n    .waitForElementByXPath('//XCUIElementTypeButton[starts-with(@name, \"SEE\")]', 2000)\n    .should.eventually.exist\n    .click()\n    .waitForElementByXPath(\"//XCUIElementTypeApplication[@name='Vestiaire']/XCUIElementTypeWindow[1]/XCUIElementTypeOther/XCUIElementTypeOther/XCUIElementTypeOther/XCUIElementTypeOther/XCUIElementTypeOther/XCUIElementTypeOther/XCUIElementTypeOther/XCUIElementTypeCollectionView/XCUIElementTypeCell[1]/XCUIElementTypeOther/XCUIElementTypeOther\", 2000)\n    .should.eventually.exist\n    .elementByAccessibilityId(\"ALERT\")\n    .should.eventually.exist\n    .elementByAccessibilityId(\"FILTER (2)\")\n    .should.eventually.exist\n    .nodeify(done);",
            "err": {},
            "isRoot": false,
            "uuid": "d1a1092c-f8df-42b5-ae1b-97307d008c00",
            "isHook": false,
            "skipped": false
          }
        ],
        "suites": [],
        "passes": [
          "d4391953-ce44-4937-b01c-278c42e3a4a5",
          "d1a1092c-f8df-42b5-ae1b-97307d008c00"
        ],
        "failures": [],
        "pending": [],
        "skipped": [],
        "duration": 105847,
        "root": false,
        "rootEmpty": false,
        "_timeout": 300000
      },
      {
        "uuid": "80acf523-8741-4b47-97f8-119e5eaacaec",
        "title": "My favourites",
        "fullFile": "/Users/ngoc.le/appium-testing/ios/004-favourites-ios.js",
        "file": "/ios/004-favourites-ios.js",
        "beforeHooks": [
          {
            "title": "\"before all\" hook",
            "fullTitle": "My favourites \"before all\" hook",
            "timedOut": false,
            "duration": 0,
            "pass": false,
            "fail": false,
            "pending": false,
            "code": "driver = wd.promiseChainRemote(opts);\nrequire(\"../logging\").configure(driver);",
            "err": {},
            "isRoot": false,
            "uuid": "d0390776-c3d8-40b9-8e2c-e19758e6dba9",
            "isHook": true,
            "skipped": false
          },
          {
            "title": "\"before each\" hook",
            "fullTitle": "My favourites \"before each\" hook",
            "timedOut": false,
            "duration": 5695,
            "pass": false,
            "fail": false,
            "pending": false,
            "code": "return driver.init(desired);",
            "err": {},
            "isRoot": false,
            "uuid": "adea39e7-8c29-4126-ba0a-09cd14d91226",
            "isHook": true,
            "skipped": false
          }
        ],
        "afterHooks": [
          {
            "title": "\"after all\" hook",
            "fullTitle": "My favourites \"after all\" hook",
            "timedOut": false,
            "duration": 0,
            "pass": false,
            "fail": false,
            "pending": false,
            "code": "if (!allPassed) {\n    console.log(\"all tests passed\");\n}",
            "err": {},
            "isRoot": false,
            "uuid": "1127c8b4-c65d-4710-943d-6ff7c55c7648",
            "isHook": true,
            "skipped": false
          },
          {
            "title": "\"after each\" hook",
            "fullTitle": "My favourites \"after each\" hook",
            "timedOut": false,
            "duration": 344,
            "pass": false,
            "fail": false,
            "pending": false,
            "code": "allPassed = allPassed && this.currentTest.state === 'passed';\nreturn driver.quit();",
            "err": {},
            "isRoot": false,
            "uuid": "cceeace6-52ec-46c3-89e8-7d302700dc1b",
            "isHook": true,
            "skipped": false
          }
        ],
        "tests": [
          {
            "title": "Ajouter ou enlever un produit dans ma wish list",
            "fullTitle": "My favourites Ajouter ou enlever un produit dans ma wish list",
            "timedOut": false,
            "duration": 5851,
            "state": "passed",
            "speed": "slow",
            "pass": true,
            "fail": false,
            "pending": false,
            "code": "//_shared.methods.shouldLogin(driver)\ndriver\n    .waitForElementByXPath(\"(//XCUIElementTypeButton[@name=\\\"like product\\\"])[1]\", 5000)\n    .click()\n    .waitForElementByAccessibilityId(\"bar_notif_confirm\", 500)\n    .should.eventually.exist\n    .hasElementByAccessibilityId(\"This item has been added to your favourites\")\n    .then(function (exist) {\n        if (exist) {\n            return driver.elementByAccessibilityId(\"This item has been added to your favourites\");\n        }\n        else\n            return driver.elementByAccessibilityId(\"This item has been removed from your favourites\");\n    })\n    .should.eventually.exist\n    // Ne pouvoir pas vérifier dans la page Profile > My wishlist car le temps d'attendre est trop long\n    .nodeify(done);",
            "err": {},
            "isRoot": false,
            "uuid": "5e79680f-371f-4442-9a66-2a3a36e8dbf2",
            "isHook": false,
            "skipped": false
          }
        ],
        "suites": [],
        "passes": [
          "5e79680f-371f-4442-9a66-2a3a36e8dbf2"
        ],
        "failures": [],
        "pending": [],
        "skipped": [],
        "duration": 5851,
        "root": false,
        "rootEmpty": false,
        "_timeout": 300000
      },
      {
        "uuid": "458f6c05-76ce-40e6-8c58-9e081966fd1e",
        "title": "Wishlist",
        "fullFile": "/Users/ngoc.le/appium-testing/ios/005-wishlist-ios.js",
        "file": "/ios/005-wishlist-ios.js",
        "beforeHooks": [
          {
            "title": "\"before all\" hook",
            "fullTitle": "Wishlist \"before all\" hook",
            "timedOut": false,
            "duration": 0,
            "pass": false,
            "fail": false,
            "pending": false,
            "code": "driver = wd.promiseChainRemote(opts);\nrequire(\"../logging\").configure(driver);",
            "err": {},
            "isRoot": false,
            "uuid": "0173b35e-7032-4e56-8898-49a12ccca2ab",
            "isHook": true,
            "skipped": false
          },
          {
            "title": "\"before each\" hook",
            "fullTitle": "Wishlist \"before each\" hook",
            "timedOut": false,
            "duration": 4896,
            "pass": false,
            "fail": false,
            "pending": false,
            "code": "return driver.init(desired);",
            "err": {},
            "isRoot": false,
            "uuid": "c0c99ec0-09ce-4a93-baf4-01729ced7bfc",
            "isHook": true,
            "skipped": false
          }
        ],
        "afterHooks": [
          {
            "title": "\"after all\" hook",
            "fullTitle": "Wishlist \"after all\" hook",
            "timedOut": false,
            "duration": 0,
            "pass": false,
            "fail": false,
            "pending": false,
            "code": "if (!allPassed) {\n    console.log(\"all tests passed\");\n}",
            "err": {},
            "isRoot": false,
            "uuid": "3f51d694-9014-4aa2-b9c4-96cc613c38a9",
            "isHook": true,
            "skipped": false
          },
          {
            "title": "\"after each\" hook",
            "fullTitle": "Wishlist \"after each\" hook",
            "timedOut": false,
            "duration": 371,
            "pass": false,
            "fail": false,
            "pending": false,
            "code": "allPassed = allPassed && this.currentTest.state === 'passed';\nreturn driver.quit();",
            "err": {},
            "isRoot": false,
            "uuid": "075070eb-cb8c-45e4-9947-3cc36d85a056",
            "isHook": true,
            "skipped": false
          }
        ],
        "tests": [
          {
            "title": "Ajouter ou enlever un produit dans my wish list",
            "fullTitle": "Wishlist Ajouter ou enlever un produit dans my wish list",
            "timedOut": false,
            "duration": 10098,
            "state": "passed",
            "speed": "slow",
            "pass": true,
            "fail": false,
            "pending": false,
            "code": "driver\n    .waitForElementByXPath(\"//XCUIElementTypeApplication[@name=\\\"Vestiaire\\\"]/XCUIElementTypeWindow[1]/XCUIElementTypeOther/XCUIElementTypeOther/XCUIElementTypeOther/XCUIElementTypeOther/XCUIElementTypeOther/XCUIElementTypeOther/XCUIElementTypeOther/XCUIElementTypeCollectionView/XCUIElementTypeCell[1]/XCUIElementTypeOther/XCUIElementTypeOther\", 5000)\n    .should.eventually.exist\n    .click()\n    .sleep(500)\n    .swipe({\n        startX: 100,\n        startY: 600,\n        endX: 200,\n        endY: 200,\n        duration: 1000\n    })\n    .hasElementByAccessibilityId(\"Wishlist\")\n    .then(function (exist) {\n        if (exist) {\n            return driver.elementByAccessibilityId(\"Wishlist\")\n                .should.eventually.exist\n                .click()\n                .waitForElementByAccessibilityId(\"bar_notif_confirm\", 500)\n                .should.eventually.exist\n                .elementByAccessibilityId(\"This item has been added your Wish List\")\n                .should.eventually.exist;\n        }\n        else\n            return driver.elementByAccessibilityId(\"Saved in your wishlist\")\n                .should.eventually.exist\n                .click()\n                .waitForElementByAccessibilityId(\"This item has been removed from your Wish List\", 500)\n                .should.eventually.exist;\n    })\n    .nodeify(done);",
            "err": {},
            "isRoot": false,
            "uuid": "4af63c22-fd05-468a-9c3a-b88c625631c5",
            "isHook": false,
            "skipped": false
          }
        ],
        "suites": [],
        "passes": [
          "4af63c22-fd05-468a-9c3a-b88c625631c5"
        ],
        "failures": [],
        "pending": [],
        "skipped": [],
        "duration": 10098,
        "root": false,
        "rootEmpty": false,
        "_timeout": 300000
      },
      {
        "uuid": "2e866712-d82e-4d85-80ad-8007a3c5495c",
        "title": "Contenus édito / Commentaire",
        "fullFile": "/Users/ngoc.le/appium-testing/ios/006-editorialContent-ios.js",
        "file": "/ios/006-editorialContent-ios.js",
        "beforeHooks": [
          {
            "title": "\"before all\" hook",
            "fullTitle": "Contenus édito / Commentaire \"before all\" hook",
            "timedOut": false,
            "duration": 0,
            "pass": false,
            "fail": false,
            "pending": false,
            "code": "driver = wd.promiseChainRemote(opts);\nrequire(\"../logging\").configure(driver);",
            "err": {},
            "isRoot": false,
            "uuid": "e5a1f95f-d7de-4105-b3ea-e112f5ff249c",
            "isHook": true,
            "skipped": false
          },
          {
            "title": "\"before each\" hook",
            "fullTitle": "Contenus édito / Commentaire \"before each\" hook",
            "timedOut": false,
            "duration": 0,
            "pass": false,
            "fail": false,
            "pending": false,
            "code": "return driver.init(desired);",
            "err": {},
            "isRoot": false,
            "uuid": "8b44e134-7afd-4e07-ade8-cade7f56dfbd",
            "isHook": true,
            "skipped": false
          }
        ],
        "afterHooks": [
          {
            "title": "\"after all\" hook",
            "fullTitle": "Contenus édito / Commentaire \"after all\" hook",
            "timedOut": false,
            "duration": 0,
            "pass": false,
            "fail": false,
            "pending": false,
            "code": "if (!allPassed) {\n    console.log(\"all tests passed\");\n}",
            "err": {},
            "isRoot": false,
            "uuid": "3ec4b89d-3812-4f07-82b8-762bbfb086a0",
            "isHook": true,
            "skipped": false
          },
          {
            "title": "\"after each\" hook",
            "fullTitle": "Contenus édito / Commentaire \"after each\" hook",
            "timedOut": false,
            "duration": 0,
            "pass": false,
            "fail": false,
            "pending": false,
            "code": "allPassed = allPassed && this.currentTest.state === 'passed';\nreturn driver.quit();",
            "err": {},
            "isRoot": false,
            "uuid": "7c877320-cc7f-41aa-a8ad-66652e8a3404",
            "isHook": true,
            "skipped": false
          }
        ],
        "tests": [
          {
            "title": "Vérifier que l'on peut cliquer sur les contenus édito",
            "fullTitle": "Contenus édito / Commentaire Vérifier que l'on peut cliquer sur les contenus édito",
            "timedOut": false,
            "duration": 0,
            "pass": false,
            "fail": false,
            "pending": true,
            "code": "",
            "err": {},
            "isRoot": false,
            "uuid": "57347242-ea1e-4b97-809c-86dc88a9750f",
            "isHook": false,
            "skipped": false
          }
        ],
        "suites": [],
        "passes": [],
        "failures": [],
        "pending": [
          "57347242-ea1e-4b97-809c-86dc88a9750f"
        ],
        "skipped": [],
        "duration": null,
        "root": false,
        "rootEmpty": false,
        "_timeout": 300000
      },
      {
        "uuid": "d2527a9f-dbd6-46a0-8f44-b534e5a78f66",
        "title": "Contenus édito / Commentaire",
        "fullFile": "/Users/ngoc.le/appium-testing/ios/007-produitpage-commentaire-ios.js",
        "file": "/ios/007-produitpage-commentaire-ios.js",
        "beforeHooks": [
          {
            "title": "\"before all\" hook",
            "fullTitle": "Contenus édito / Commentaire \"before all\" hook",
            "timedOut": false,
            "duration": 0,
            "pass": false,
            "fail": false,
            "pending": false,
            "code": "driver = wd.promiseChainRemote(opts);\nrequire(\"../logging\").configure(driver);",
            "err": {},
            "isRoot": false,
            "uuid": "bf45ed3b-8ef5-40ae-ace2-c08433a843e0",
            "isHook": true,
            "skipped": false
          },
          {
            "title": "\"before each\" hook",
            "fullTitle": "Contenus édito / Commentaire \"before each\" hook",
            "timedOut": false,
            "duration": 6436,
            "pass": false,
            "fail": false,
            "pending": false,
            "code": "return driver.init(desired);",
            "err": {},
            "isRoot": false,
            "uuid": "dbb86fc8-1132-425c-8f6d-fe5c613cc5ad",
            "isHook": true,
            "skipped": false
          }
        ],
        "afterHooks": [
          {
            "title": "\"after all\" hook",
            "fullTitle": "Contenus édito / Commentaire \"after all\" hook",
            "timedOut": false,
            "duration": 0,
            "pass": false,
            "fail": false,
            "pending": false,
            "code": "if (!allPassed) {\n    console.log(\"all tests passed\");\n}",
            "err": {},
            "isRoot": false,
            "uuid": "c526e404-75b5-4468-8dbb-37e082ce14e1",
            "isHook": true,
            "skipped": false
          },
          {
            "title": "\"after each\" hook",
            "fullTitle": "Contenus édito / Commentaire \"after each\" hook",
            "timedOut": false,
            "duration": 450,
            "pass": false,
            "fail": false,
            "pending": false,
            "code": "allPassed = allPassed && this.currentTest.state === 'passed';\nreturn driver.quit();",
            "err": {},
            "isRoot": false,
            "uuid": "1865e80e-dbd3-4e81-bf52-f6e9fb241411",
            "isHook": true,
            "skipped": false
          }
        ],
        "tests": [
          {
            "title": "Vérifier que l'on peut écrire les commentaires",
            "fullTitle": "Contenus édito / Commentaire Vérifier que l'on peut écrire les commentaires",
            "timedOut": false,
            "duration": 65302,
            "state": "passed",
            "speed": "slow",
            "pass": true,
            "fail": false,
            "pending": false,
            "code": "_shared.methods.searchTestProd(driver, '6009688')\n    .then(function () {\n        return _shared.methods.swipeBottomUpAndCheckIfElementExist(driver, \"WRITE A COMMENT\", \"AccessibilityId\");\n    })\n    .should.eventually.exist\n    .click()\n    .waitForElementByXPath('//XCUIElementTypeOther[@name=\"Chat\"]', 5000)\n    .should.eventually.exist\n    .elementByXPath('//XCUIElementTypeApplication[@name=\"Vestiaire\"]/XCUIElementTypeWindow[2]/XCUIElementTypeOther/XCUIElementTypeOther/XCUIElementTypeOther[1]/XCUIElementTypeTextView')\n    .should.eventually.exist\n    .sendKeys(\"test\")\n    .elementByAccessibilityId(\"Send\")\n    .should.eventually.exist\n    .click()\n    .waitForElementByAccessibilityId(\"Close\",5000)\n    .should.eventually.exist\n    .click()\n    .waitForElementByAccessibilityId(\"WRITE A COMMENT\", 5000)\n    .should.eventually.exist\n    .nodeify(done);",
            "err": {},
            "isRoot": false,
            "uuid": "e9bb4670-b28b-4260-ab7a-ab6f5ba8a58b",
            "isHook": false,
            "skipped": false
          }
        ],
        "suites": [],
        "passes": [
          "e9bb4670-b28b-4260-ab7a-ab6f5ba8a58b"
        ],
        "failures": [],
        "pending": [],
        "skipped": [],
        "duration": 65302,
        "root": false,
        "rootEmpty": false,
        "_timeout": 300000
      },
      {
        "uuid": "8ff972bd-fdea-4e8a-8b13-0bf427440da4",
        "title": "Dépôt un article",
        "fullFile": "/Users/ngoc.le/appium-testing/ios/008-vendeur-depot-ios.js",
        "file": "/ios/008-vendeur-depot-ios.js",
        "beforeHooks": [
          {
            "title": "\"before all\" hook",
            "fullTitle": "Dépôt un article \"before all\" hook",
            "timedOut": false,
            "duration": 1,
            "pass": false,
            "fail": false,
            "pending": false,
            "code": "driver = wd.promiseChainRemote(opts);\nrequire(\"../logging\").configure(driver);",
            "err": {},
            "isRoot": false,
            "uuid": "624b7a44-4cf5-47ba-a90a-d3631f9833d8",
            "isHook": true,
            "skipped": false
          },
          {
            "title": "\"before each\" hook",
            "fullTitle": "Dépôt un article \"before each\" hook",
            "timedOut": false,
            "duration": 4855,
            "pass": false,
            "fail": false,
            "pending": false,
            "code": "return driver.init(desired);",
            "err": {},
            "isRoot": false,
            "uuid": "f40f83d4-9314-4e35-a31c-476e8dff6e6a",
            "isHook": true,
            "skipped": false
          }
        ],
        "afterHooks": [
          {
            "title": "\"after all\" hook",
            "fullTitle": "Dépôt un article \"after all\" hook",
            "timedOut": false,
            "duration": 0,
            "pass": false,
            "fail": false,
            "pending": false,
            "code": "if (!allPassed) {\n    console.log(\"all tests passed\");\n}",
            "err": {},
            "isRoot": false,
            "uuid": "44894d24-f2b2-414a-b89e-541a9a5493f5",
            "isHook": true,
            "skipped": false
          },
          {
            "title": "\"after each\" hook",
            "fullTitle": "Dépôt un article \"after each\" hook",
            "timedOut": false,
            "duration": 301,
            "pass": false,
            "fail": false,
            "pending": false,
            "code": "allPassed = allPassed && this.currentTest.state === 'passed';\nreturn driver.quit();",
            "err": {},
            "isRoot": false,
            "uuid": "2ad9fc52-f562-4b10-8906-33ba5266ff07",
            "isHook": true,
            "skipped": false
          }
        ],
        "tests": [
          {
            "title": "Dépôt un article / Information",
            "fullTitle": "Dépôt un article Dépôt un article / Information",
            "timedOut": false,
            "duration": 59052,
            "state": "passed",
            "speed": "slow",
            "pass": true,
            "fail": false,
            "pending": false,
            "code": "driver\n    .waitForElementByAccessibilityId(\"Sell\", 3000)\n    .should.eventually.exist\n    .click()\n    .waitForElementByXPath('//XCUIElementTypeOther[@name=\\\"Sell\\\"]', 2000)\n    .should.eventually.exist\n    .elementByAccessibilityId(\"btn-sell\")\n    .should.eventually.exist\n    .elementByAccessibilityId('Resale Calculator')\n    .should.eventually.exist\n    .elementByAccessibilityId('Calculate the potential resale value of your pre-loved items with our easy to use Resale Calculator.')\n    .should.eventually.exist\n    .elementByXPath('(//XCUIElementTypeImage[@name=\"arrow-right\"])[1]')\n    .should.eventually.exist\n    .elementByXPath('//XCUIElementTypeApplication[@name=\"Vestiaire\"]/XCUIElementTypeWindow[1]/XCUIElementTypeOther/XCUIElementTypeOther/XCUIElementTypeOther/XCUIElementTypeOther/XCUIElementTypeOther/XCUIElementTypeOther/XCUIElementTypeOther/XCUIElementTypeTable/XCUIElementTypeCell[2]')\n    .should.eventually.exist\n    .click()\n    .waitForElementByAccessibilityId('Information', 5000)\n    .should.eventually.exist\n    .click()\n    .waitForElementByXPath('(//XCUIElementTypeStaticText[@name=\"Sub-category\"])[1]', 2000)\n    .click()\n    .waitForElementByAccessibilityId('Handbags', 2000)\n    .should.eventually.exist\n    .click()\n    .waitForElementByXPath('(//XCUIElementTypeStaticText[@name=\"Material\"])[1]', 2000)\n    .should.eventually.exist\n    .click()\n    .waitForElementByAccessibilityId('Cotton', 2000)\n    .should.eventually.exist\n    .click()\n    .waitForElementByXPath('(//XCUIElementTypeStaticText[@name=\"How do I know what the primary material of the item is?\"])[2]', 2000)\n    .should.eventually.exist\n    .elementByAccessibilityId('arrow-noire-up')\n    .should.eventually.exist\n    .click()\n    .waitForElementByXPath('(//XCUIElementTypeStaticText[@name=\"We advise that you refer to the label detailing the composition of your item.\"])[1]', 2000)\n    .should.eventually.exist\n    .waitForElementByAccessibilityId('arrow-noire-down', 2000)\n    .click()\n    .waitForElementByAccessibilityId('OK', 2000)\n    .should.eventually.exist\n    .click()\n    .waitForElementByXPath('(//XCUIElementTypeStaticText[@name=\"Colour\"])[1]', 2000)\n    .should.eventually.exist\n    .click()\n    .waitForElementByXPath('//XCUIElementTypeStaticText[@name=\"Anthracite\"]', 2000)\n    .should.eventually.exist\n    .click()\n    .waitForElementByXPath('(//XCUIElementTypeStaticText[@name=\"Printed\"])[1]', 2000)\n    .should.eventually.exist\n    .click()\n    .waitForElementByAccessibilityId('Leopard', 2000)\n    .should.eventually.exist\n    .click()\n    .waitForElementByAccessibilityId('CONFIRM THIS STEP', 2000)\n    .isEnabled()\n    .should.eventually.be.true\n    .elementByAccessibilityId('back')\n    .should.eventually.exist\n    .click()\n    .waitForElementByAccessibilityId('2', 2000)\n    .should.eventually.exist\n    .nodeify(done);",
            "err": {},
            "isRoot": false,
            "uuid": "4847e393-afa5-4924-a186-b0a4acdec3a3",
            "isHook": false,
            "skipped": false
          },
          {
            "title": "Dépôt un article / Photos",
            "fullTitle": "Dépôt un article Dépôt un article / Photos",
            "timedOut": false,
            "duration": 40636,
            "state": "passed",
            "speed": "slow",
            "pass": true,
            "fail": false,
            "pending": false,
            "code": "driver\n    .waitForElementByAccessibilityId(\"Sell\", 3000)\n    .should.eventually.exist\n    .click()\n    .waitForElementByXPath('//XCUIElementTypeOther[@name=\\\"Sell\\\"]', 2000)\n    .should.eventually.exist\n    .elementByAccessibilityId(\"btn-sell\")\n    .should.eventually.exist\n    .elementByAccessibilityId('Resale Calculator')\n    .should.eventually.exist\n    .elementByAccessibilityId('Calculate the potential resale value of your pre-loved items with our easy to use Resale Calculator.')\n    .should.eventually.exist\n    .elementByXPath('(//XCUIElementTypeImage[@name=\"arrow-right\"])[1]')\n    .should.eventually.exist\n    .elementByXPath('//XCUIElementTypeApplication[@name=\"Vestiaire\"]/XCUIElementTypeWindow[1]/XCUIElementTypeOther/XCUIElementTypeOther/XCUIElementTypeOther/XCUIElementTypeOther/XCUIElementTypeOther/XCUIElementTypeOther/XCUIElementTypeOther/XCUIElementTypeTable/XCUIElementTypeCell[2]')\n    .should.eventually.exist\n    .click()\n    .waitForElementByAccessibilityId('Photos', 2000)\n    .should.eventually.exist\n    .click()\n    .waitForElementByAccessibilityId('Main photo', 2000)\n    .should.eventually.exist\n    .elementByXPath('(//XCUIElementTypeImage[@name=\"add_more_photo\"])[1]')\n    .should.eventually.exist\n    .click()\n    .waitForElementByAccessibilityId('Camera', 2000)\n    .isEnabled()\n    .should.eventually.be.true\n    .elementByAccessibilityId('Library')\n    .isEnabled()\n    .should.eventually.be.true\n    .elementByAccessibilityId('Cancel')\n    .should.eventually.exist\n    .click()\n    .waitForElementByAccessibilityId('2nd photo', 2000)\n    .should.eventually.exist\n    .elementByXPath('(//XCUIElementTypeImage[@name=\"add_more_photo\"])[1]')\n    .should.eventually.exist\n    .click()\n    .waitForElementByAccessibilityId('Camera', 2000)\n    .isEnabled()\n    .should.eventually.be.true\n    .elementByAccessibilityId('Library')\n    .isEnabled()\n    .should.eventually.be.true\n    .elementByAccessibilityId('Cancel')\n    .should.eventually.exist\n    .click()\n    .waitForElementByXPath('//XCUIElementTypeStaticText[@name=\"3rd photo (optional)\"]', 2000)\n    .should.eventually.exist\n    .elementByXPath('//XCUIElementTypeStaticText[@name=\"4th photo (optional)\"]')\n    .should.eventually.exist\n    .elementByXPath('//XCUIElementTypeStaticText[@name=\"5th photo (optional)\"]')\n    .should.eventually.exist\n    .swipe({\n        startX: 100,\n        startY: 300,\n        endX: 100,\n        endY: 100,\n        duration: 800\n    })\n    .elementByXPath('//XCUIElementTypeOther[@name=\"More photos (optional) You can add one, two, three or more photos...\"]')\n    .should.eventually.exist\n    .elementByXPath('//XCUIElementTypeApplication[@name=\"Vestiaire\"]/XCUIElementTypeWindow[1]/XCUIElementTypeOther/XCUIElementTypeOther/XCUIElementTypeOther/XCUIElementTypeOther/XCUIElementTypeOther/XCUIElementTypeOther/XCUIElementTypeOther/XCUIElementTypeTable/XCUIElementTypeCell[6]/XCUIElementTypeCollectionView/XCUIElementTypeCell/XCUIElementTypeOther/XCUIElementTypeButton')\n    .should.eventually.exist\n    .click()\n    .waitForElementByAccessibilityId('Camera', 2000)\n    .isEnabled()\n    .should.eventually.be.true\n    .elementByAccessibilityId('Library')\n    .isEnabled()\n    .should.eventually.be.true\n    .elementByAccessibilityId('Cancel')\n    .should.eventually.exist\n    .click()\n    .waitForElementByAccessibilityId('OK', 2000)\n    .should.eventually.exist\n    .click()\n    .waitForElementByAccessibilityId('Description', 2000)\n    .should.eventually.exist\n    .nodeify(done);",
            "err": {},
            "isRoot": false,
            "uuid": "79181e30-ff49-498d-b89b-f9ce14fc4133",
            "isHook": false,
            "skipped": false
          },
          {
            "title": "Dépôt un article / Description",
            "fullTitle": "Dépôt un article Dépôt un article / Description",
            "timedOut": false,
            "duration": 29698,
            "state": "passed",
            "speed": "slow",
            "pass": true,
            "fail": false,
            "pending": false,
            "code": "driver\n    .waitForElementByAccessibilityId(\"Sell\", 3000)\n    .should.eventually.exist\n    .click()\n    .waitForElementByXPath('//XCUIElementTypeOther[@name=\\\"Sell\\\"]', 2000)\n    .should.eventually.exist\n    .elementByAccessibilityId(\"btn-sell\")\n    .should.eventually.exist\n    .elementByAccessibilityId('Resale Calculator')\n    .should.eventually.exist\n    .elementByAccessibilityId('Calculate the potential resale value of your pre-loved items with our easy to use Resale Calculator.')\n    .should.eventually.exist\n    .elementByXPath('(//XCUIElementTypeImage[@name=\"arrow-right\"])[1]')\n    .should.eventually.exist\n    .elementByXPath('//XCUIElementTypeApplication[@name=\"Vestiaire\"]/XCUIElementTypeWindow[1]/XCUIElementTypeOther/XCUIElementTypeOther/XCUIElementTypeOther/XCUIElementTypeOther/XCUIElementTypeOther/XCUIElementTypeOther/XCUIElementTypeOther/XCUIElementTypeTable/XCUIElementTypeCell[2]')\n    .should.eventually.exist\n    .click()\n    .waitForElementByAccessibilityId('Description', 2000)\n    .should.eventually.exist\n    .click()\n    .waitForElementByXPath('(//XCUIElementTypeStaticText[@name=\"Measurements\"])[1]', 2000)\n    .should.eventually.exist\n    .click()\n    .waitForElementByAccessibilityId('Unit', 2000)\n    .should.eventually.exist\n    .elementByAccessibilityId('Height', 2000)\n    .should.eventually.exist\n    .elementByXPath('//XCUIElementTypeApplication[@name=\"Vestiaire\"]/XCUIElementTypeWindow[1]/XCUIElementTypeOther[2]/XCUIElementTypeOther/XCUIElementTypeOther/XCUIElementTypeOther/XCUIElementTypeOther/XCUIElementTypeTable/XCUIElementTypeCell[2]/XCUIElementTypeTextField')\n    .should.eventually.exist\n    .sendKeys('20')\n    .elementByAccessibilityId('Width')\n    .should.eventually.exist\n    .sendKeys('30')\n    .elementByXPath('//XCUIElementTypeApplication[@name=\"Vestiaire\"]/XCUIElementTypeWindow[1]/XCUIElementTypeOther[2]/XCUIElementTypeOther/XCUIElementTypeOther/XCUIElementTypeOther/XCUIElementTypeOther/XCUIElementTypeTable/XCUIElementTypeCell[3]/XCUIElementTypeTextField')\n    .should.eventually.exist\n    .elementByAccessibilityId('Depth')\n    .should.eventually.exist\n    .sendKeys('40')\n    .elementByXPath('//XCUIElementTypeApplication[@name=\"Vestiaire\"]/XCUIElementTypeWindow[1]/XCUIElementTypeOther[2]/XCUIElementTypeOther/XCUIElementTypeOther/XCUIElementTypeOther/XCUIElementTypeOther/XCUIElementTypeTable/XCUIElementTypeCell[4]/XCUIElementTypeTextField')\n    .should.eventually.exist\n    .click()/// Khong the click duoc vao nut OK\n    .nodeify(done);",
            "err": {},
            "isRoot": false,
            "uuid": "b065c428-f6ff-4b49-8a93-4405abcc7539",
            "isHook": false,
            "skipped": false
          },
          {
            "title": "Dépôt un article / Condition & price",
            "fullTitle": "Dépôt un article Dépôt un article / Condition & price",
            "timedOut": false,
            "duration": 40058,
            "state": "passed",
            "speed": "slow",
            "pass": true,
            "fail": false,
            "pending": false,
            "code": "driver\n    .waitForElementByAccessibilityId(\"Sell\", 3000)\n    .should.eventually.exist\n    .click()\n    .waitForElementByXPath('//XCUIElementTypeOther[@name=\\\"Sell\\\"]', 2000)\n    .should.eventually.exist\n    .elementByAccessibilityId(\"btn-sell\")\n    .should.eventually.exist\n    .elementByAccessibilityId('Resale Calculator')\n    .should.eventually.exist\n    .elementByAccessibilityId('Calculate the potential resale value of your pre-loved items with our easy to use Resale Calculator.')\n    .should.eventually.exist\n    .elementByXPath('(//XCUIElementTypeImage[@name=\"arrow-right\"])[1]')\n    .should.eventually.exist\n    .elementByXPath('//XCUIElementTypeApplication[@name=\"Vestiaire\"]/XCUIElementTypeWindow[1]/XCUIElementTypeOther/XCUIElementTypeOther/XCUIElementTypeOther/XCUIElementTypeOther/XCUIElementTypeOther/XCUIElementTypeOther/XCUIElementTypeOther/XCUIElementTypeTable/XCUIElementTypeCell[2]')\n    .should.eventually.exist\n    .click()\n    .waitForElementByAccessibilityId('Condition & price', 2000)\n    .should.eventually.exist\n    .click()\n    .waitForElementByXPath('(//XCUIElementTypeStaticText[@name=\"Condition\"])[1]', 2000)\n    .should.eventually.exist\n    .click()\n    .waitForElementByAccessibilityId('Very good condition', 2000)\n    .should.eventually.exist\n    .elementByXPath('(//XCUIElementTypeImage[@name=\"arrow-black-down\"])[1]')\n    .should.eventually.exist\n    .click()\n    .waitForElementByXPath('(//XCUIElementTypeStaticText[@name=\"Reasons for refusal\"])[1]', 2000)\n    .should.eventually.exist\n    .click()\n    .waitForElementByAccessibilityId('Good condition', 2000)\n    .should.eventually.exist\n    .elementByXPath('(//XCUIElementTypeImage[@name=\"arrow-black-down\"])[2]')\n    .should.eventually.exist\n    .click()\n    .waitForElementByXPath('(//XCUIElementTypeStaticText[@name=\"Reasons for refusal\"])[2]', 2000)\n    .should.eventually.exist\n    .click()\n    .waitForElementByAccessibilityId('Fair condition')\n    .should.eventually.exist\n    .elementByXPath('(//XCUIElementTypeImage[@name=\"arrow-black-down\"])[3]')\n    .should.eventually.exist\n    .click()\n    .waitForElementByXPath('(//XCUIElementTypeStaticText[@name=\"Reasons for refusal\"])[3]', 2000)\n    .should.eventually.exist\n    .click() /// Khong the click duoc vao nut OK\n    .nodeify(done);",
            "err": {},
            "isRoot": false,
            "uuid": "97beaf15-02b4-4f5d-9025-36f574ac9025",
            "isHook": false,
            "skipped": false
          },
          {
            "title": "Dépôt un article / Seller",
            "fullTitle": "Dépôt un article Dépôt un article / Seller",
            "timedOut": false,
            "duration": 44243,
            "state": "passed",
            "speed": "slow",
            "pass": true,
            "fail": false,
            "pending": false,
            "code": "driver\n    .waitForElementByAccessibilityId(\"Sell\", 3000)\n    .should.eventually.exist\n    .click()\n    .waitForElementByXPath('//XCUIElementTypeOther[@name=\\\"Sell\\\"]', 2000)\n    .should.eventually.exist\n    .elementByAccessibilityId(\"btn-sell\")\n    .should.eventually.exist\n    .elementByAccessibilityId('Resale Calculator')\n    .should.eventually.exist\n    .elementByAccessibilityId('Calculate the potential resale value of your pre-loved items with our easy to use Resale Calculator.')\n    .should.eventually.exist\n    .elementByXPath('(//XCUIElementTypeImage[@name=\"arrow-right\"])[1]')\n    .should.eventually.exist\n    .elementByXPath('//XCUIElementTypeApplication[@name=\"Vestiaire\"]/XCUIElementTypeWindow[1]/XCUIElementTypeOther/XCUIElementTypeOther/XCUIElementTypeOther/XCUIElementTypeOther/XCUIElementTypeOther/XCUIElementTypeOther/XCUIElementTypeOther/XCUIElementTypeTable/XCUIElementTypeCell[2]')\n    .should.eventually.exist\n    .click()\n    .waitForElementByAccessibilityId('Seller', 2000)\n    .should.eventually.exist\n    .click()\n    .waitForElementByXPath('(//XCUIElementTypeStaticText[@name=\"Shipping Item From\"])[1]', 2000)\n    .should.eventually.exist\n    .elementByXPath('(//XCUIElementTypeStaticText[@name=\"Mobile number\"])[2]')\n    .should.eventually.exist\n    .elementByXPath('(//XCUIElementTypeStaticText[@name=\"Personal Contact Information\"])[2]')\n    .should.eventually.exist\n    .elementByXPath('(//XCUIElementTypeStaticText[@name=\"Payments\"])[1]')\n    .should.eventually.exist\n    .elementByAccessibilityId('CONFIRM THIS STEP')\n    .should.eventually.exist\n    .click()\n    .waitForElementByAccessibilityId('Optional information',2000)\n    .should.eventually.exist\n    .click()\n    .waitForElementByXPath('(//XCUIElementTypeStaticText[@name=\"Vintage\"])[1]',2000)\n    .should.eventually.exist\n    .elementByXPath('(//XCUIElementTypeStaticText[@name=\"Origin\"])[1]')\n    .should.eventually.exist\n    .elementByXPath('(//XCUIElementTypeStaticText[@name=\"Invoice\"])[1]')\n    .should.eventually.exist\n    .elementByXPath('(//XCUIElementTypeStaticText[@name=\"Serial number\"])[1]')\n    .should.eventually.exist\n    .elementByXPath('(//XCUIElementTypeStaticText[@name=\"Packaging\"])[1]')\n    .should.eventually.exist\n    .elementByXPath('(//XCUIElementTypeStaticText[@name=\"Test product\"])[1]')\n    .should.eventually.exist\n    .click()\n    .waitForElementByXPath('(//XCUIElementTypeStaticText[@name=\"Test product\"])[3]',2000)\n    .should.eventually.exist\n    .elementByXPath('//XCUIElementTypeSwitch[@name=\"Test product\"]')\n    .should.eventually.exist\n    .click()\n    .waitForElementByAccessibilityId('back',2000)\n    .should.eventually.exist\n    .click()\n    .waitForElementByAccessibilityId('CONFIRM', 2000)\n    .should.eventually.exist\n    .isEnabled()\n    .should.eventually.be.true\n    .nodeify(done);",
            "err": {},
            "isRoot": false,
            "uuid": "ad2bc932-9017-4407-a67d-2dba799a720e",
            "isHook": false,
            "skipped": false
          }
        ],
        "suites": [],
        "passes": [
          "4847e393-afa5-4924-a186-b0a4acdec3a3",
          "79181e30-ff49-498d-b89b-f9ce14fc4133",
          "b065c428-f6ff-4b49-8a93-4405abcc7539",
          "97beaf15-02b4-4f5d-9025-36f574ac9025",
          "ad2bc932-9017-4407-a67d-2dba799a720e"
        ],
        "failures": [],
        "pending": [],
        "skipped": [],
        "duration": 213687,
        "root": false,
        "rootEmpty": false,
        "_timeout": 300000
      },
      {
        "uuid": "4ed5de02-4bb6-4208-b4ab-c224674f501a",
        "title": "Vendeur - Gérer son produit",
        "fullFile": "/Users/ngoc.le/appium-testing/ios/009-vendeur-manage prod-ios.js",
        "file": "/ios/009-vendeur-manage prod-ios.js",
        "beforeHooks": [
          {
            "title": "\"before all\" hook",
            "fullTitle": "Vendeur - Gérer son produit \"before all\" hook",
            "timedOut": false,
            "duration": 0,
            "pass": false,
            "fail": false,
            "pending": false,
            "code": "driver = wd.promiseChainRemote(opts);\nrequire(\"../logging\").configure(driver);",
            "err": {},
            "isRoot": false,
            "uuid": "877835f6-273a-496e-bba5-aba1fdb78400",
            "isHook": true,
            "skipped": false
          },
          {
            "title": "\"before each\" hook",
            "fullTitle": "Vendeur - Gérer son produit \"before each\" hook",
            "timedOut": false,
            "duration": 4043,
            "pass": false,
            "fail": false,
            "pending": false,
            "code": "return driver.init(desired);",
            "err": {},
            "isRoot": false,
            "uuid": "1551a1ad-2253-4c3c-af6e-39ddec92ee8a",
            "isHook": true,
            "skipped": false
          }
        ],
        "afterHooks": [
          {
            "title": "\"after all\" hook",
            "fullTitle": "Vendeur - Gérer son produit \"after all\" hook",
            "timedOut": false,
            "duration": 0,
            "pass": false,
            "fail": false,
            "pending": false,
            "code": "if (!allPassed) {\n    console.log(\"all tests passed\");\n}",
            "err": {},
            "isRoot": false,
            "uuid": "88e39551-5860-46f0-96ed-77743351cd89",
            "isHook": true,
            "skipped": false
          },
          {
            "title": "\"after each\" hook",
            "fullTitle": "Vendeur - Gérer son produit \"after each\" hook",
            "timedOut": false,
            "duration": 453,
            "pass": false,
            "fail": false,
            "pending": false,
            "code": "allPassed = allPassed && this.currentTest.state === 'passed';\nreturn driver.quit();",
            "err": {},
            "isRoot": false,
            "uuid": "d3dd30a8-bac1-4644-b3e0-782041994840",
            "isHook": true,
            "skipped": false
          }
        ],
        "tests": [
          {
            "title": "Ajouter une nouvelle photo",
            "fullTitle": "Vendeur - Gérer son produit Ajouter une nouvelle photo",
            "timedOut": false,
            "duration": 21598,
            "state": "passed",
            "speed": "slow",
            "pass": true,
            "fail": false,
            "pending": false,
            "code": "driver\n    .waitForElementByAccessibilityId('Me', 4000)\n    .should.eventually.exist\n    .click()\n    .waitForElementByAccessibilityId(\"My items\", 1000)\n    .should.eventually.exist\n    .click()\n    .waitForElementByXPath('//XCUIElementTypeStaticText[starts-with(@name, \"My items for sale\")]', 2000)\n    .should.eventually.exist\n    .click()\n    .waitForElementByXPath(\"//XCUIElementTypeApplication[@name=\\\"Vestiaire\\\"]/XCUIElementTypeWindow[1]/XCUIElementTypeOther/XCUIElementTypeOther/XCUIElementTypeOther/XCUIElementTypeOther/XCUIElementTypeOther/XCUIElementTypeOther/XCUIElementTypeOther/XCUIElementTypeOther/XCUIElementTypeOther/XCUIElementTypeOther[1]/XCUIElementTypeOther/XCUIElementTypeTable/XCUIElementTypeCell[1]/XCUIElementTypeImage[1]\", 2000)\n    .should.eventually.exist\n    .click()\n    .waitForElementByAccessibilityId(\"like product\", 2000)\n    .should.eventually.exist\n    .elementByAccessibilityId(\"share product\")\n    .should.eventually.exist\n    .elementByAccessibilityId(\"btn-cart\")\n    .should.eventually.exist\n    .elementByAccessibilityId(\"My items for sale\")\n    .should.eventually.exist\n    .click()\n    .waitForElementByXPath(\"(//XCUIElementTypeImage[@name=\\\"arrow-noire-down\\\"])[1]\", 2000)\n    .should.eventually.exist\n    .click()\n    .waitForElementByAccessibilityId(\"Add picture\", 2000)\n    .should.eventually.exist\n    .click()\n    .waitForElementByAccessibilityId(\"My items for sale\", 2000)\n    .should.eventually.exist\n    .elementByXPath(\"//XCUIElementTypeApplication[@name=\\\"Vestiaire\\\"]/XCUIElementTypeWindow[1]/XCUIElementTypeOther/XCUIElementTypeOther/XCUIElementTypeOther/XCUIElementTypeOther/XCUIElementTypeOther/XCUIElementTypeOther/XCUIElementTypeOther/XCUIElementTypeOther/XCUIElementTypeOther/XCUIElementTypeOther[1]/XCUIElementTypeOther/XCUIElementTypeTable/XCUIElementTypeImage\")\n    .should.eventually.exist\n    .elementByAccessibilityId(\"Add a new photo\")\n    .should.eventually.exist\n    .elementByAccessibilityId(\"add photo sales\")\n    .should.eventually.exist\n    .click()\n    .waitForElementByAccessibilityId(\"Camera\", 2000)\n    .should.eventually.exist\n    .elementByAccessibilityId(\"Library\")\n    .should.eventually.exist\n    .elementByAccessibilityId(\"Cancel\")\n    .should.eventually.exist\n    .click()\n    .waitForElementByAccessibilityId(\"CONFIRM\", 3000)\n    .should.eventually.exist\n    .elementByAccessibilityId(\"add photo sales\")\n    .should.eventually.exist\n    .nodeify(done);",
            "err": {},
            "isRoot": false,
            "uuid": "ab8e9ba7-519e-4950-ac41-4ec5d06289be",
            "isHook": false,
            "skipped": false
          },
          {
            "title": "Baisse de prix",
            "fullTitle": "Vendeur - Gérer son produit Baisse de prix",
            "timedOut": false,
            "duration": 41407,
            "state": "passed",
            "speed": "slow",
            "pass": true,
            "fail": false,
            "pending": false,
            "code": "driver\n    .waitForElementByAccessibilityId('Me', 4000)\n    .click()\n    .elementByAccessibilityId(\"My items\")\n    .should.eventually.exist\n    .click()\n    .waitForElementByXPath('//XCUIElementTypeStaticText[starts-with(@name, \"My items for sale\")]', 2000)\n    .should.eventually.exist\n    .click()\n    .waitForElementByXPath('(//XCUIElementTypeImage[@name=\"arrow-noire-down\"])[1]', 2000)\n    .should.eventually.exist\n    .click()\n    .waitForElementByAccessibilityId(\"Price reduction\", 2000)\n    .should.eventually.exist\n    .click()\n    .elementByXPath('//XCUIElementTypeStaticText[contains(@name, \"On the site:\")]')\n    .should.eventually.exist\n    .elementByXPath('//XCUIElementTypeApplication[@name=\"Vestiaire\"]/XCUIElementTypeWindow[1]/XCUIElementTypeOther/XCUIElementTypeOther/XCUIElementTypeOther/XCUIElementTypeOther/XCUIElementTypeOther/XCUIElementTypeOther/XCUIElementTypeOther/XCUIElementTypeOther/XCUIElementTypeOther/XCUIElementTypeOther[1]/XCUIElementTypeOther/XCUIElementTypeTable/XCUIElementTypeCell[1]/XCUIElementTypeTextField[2]')\n    .should.eventually.exist\n    .sendKeys(19)\n    .elementByXPath('//XCUIElementTypeButton[@name=\"OK\"]')\n    .click()\n    // Check button id \"CONFIRM\" can not click\n    .waitForElementByAccessibilityId('CONFIRM', 2000)\n    .isEnabled()\n    .should.eventually.be.false\n    .elementByXPath(\"///XCUIElementTypeStaticText[contains(@name, 'On the site:')]\")\n    .then(function (e) {\n        return e.getValue().then(function (val) {\n            var productPrice = parseInt(val.substring(val.indexOf('On the site:') + 'On the site:'.length + 1, val.indexOf('For you:') - 2));\n            return driver.elementByXPath('//XCUIElementTypeApplication[@name=\"Vestiaire\"]/XCUIElementTypeWindow[1]/XCUIElementTypeOther/XCUIElementTypeOther/XCUIElementTypeOther/XCUIElementTypeOther/XCUIElementTypeOther/XCUIElementTypeOther/XCUIElementTypeOther/XCUIElementTypeOther/XCUIElementTypeOther/XCUIElementTypeOther[1]/XCUIElementTypeOther/XCUIElementTypeTable/XCUIElementTypeCell[1]/XCUIElementTypeTextField[2]')\n                .clear()\n                .sendKeys(productPrice)\n                .elementByXPath('//XCUIElementTypeButton[@name=\"OK\"]')\n                .click();\n        });\n    })\n    .waitForElementByAccessibilityId('CONFIRM', 2000)\n    .click()\n    .waitForElementByAccessibilityId('bar_notif_error',5000)\n    .should.eventually.exist\n    .elementByXPath(\"///XCUIElementTypeStaticText[contains(@name, 'On the site:')]\")\n    .then(function (e) {\n        return e.getValue().then(function (val) {\n            var productPrice = parseInt(val.substring(val.indexOf('On the site:') + 'On the site:'.length + 1, val.indexOf('For you:') - 2));\n            return driver.elementByXPath('//XCUIElementTypeApplication[@name=\"Vestiaire\"]/XCUIElementTypeWindow[1]/XCUIElementTypeOther/XCUIElementTypeOther/XCUIElementTypeOther/XCUIElementTypeOther/XCUIElementTypeOther/XCUIElementTypeOther/XCUIElementTypeOther/XCUIElementTypeOther/XCUIElementTypeOther/XCUIElementTypeOther[1]/XCUIElementTypeOther/XCUIElementTypeTable/XCUIElementTypeCell[1]/XCUIElementTypeTextField[2]')\n                .clear()\n                .sendKeys(productPrice - 1)\n                .elementByXPath('//XCUIElementTypeButton[@name=\"OK\"]')\n                .click();\n        });\n    })\n    .waitForElementByAccessibilityId('CONFIRM', 2000)\n    .click()\n    .waitForElementByAccessibilityId('bar_notif_confirm', 2000)\n    .should.eventually.exist\n    .nodeify(done);",
            "err": {},
            "isRoot": false,
            "uuid": "a542de49-e2de-4638-b05b-74a6cb13d2c6",
            "isHook": false,
            "skipped": false
          },
          {
            "title": "Retirer un prod en vente",
            "fullTitle": "Vendeur - Gérer son produit Retirer un prod en vente",
            "timedOut": false,
            "duration": 18105,
            "state": "passed",
            "speed": "slow",
            "pass": true,
            "fail": false,
            "pending": false,
[...]
            "err": {
              "message": "Error: done() invoked with non-Error: Element not found",
              "estack": "Error: done() invoked with non-Error: Element not found\n    at /Users/ngoc.le/appium-testing/node_modules/wd/node_modules/q/q.js:2031:17\n    at runSingle (node_modules/wd/node_modules/q/q.js:137:13)\n    at flush (node_modules/wd/node_modules/q/q.js:125:13)\n    at _combinedTickCallback (internal/process/next_tick.js:131:7)\n    at process._tickCallback (internal/process/next_tick.js:180:9)"
            },
            "isRoot": false,
            "uuid": "fae4b57a-1ac8-4584-bfc8-c48bf1b4a251",
            "isHook": false,
            "skipped": false
          },
          {
            "title": "ME - Help/Rate our app/Legal information/General",
            "fullTitle": "Partie ME - Help ME - Help/Rate our app/Legal information/General",
            "timedOut": false,
            "duration": 4958,
            "state": "failed",
            "pass": false,
            "fail": true,
            "pending": false,
            "code": "driver\n    .waitForElementByXPath('//XCUIElementTypeButton[@name=\"Me\"]', 4000)\n    .should.eventually.exist\n    .click()\n    .sleep('1000')\n    .then(function () {\n        return _shared.methods.swipeBottomUpAndCheckIfElementExist(driver, \"Rate our app\", \"AccessibilityId\");\n    })\n    .should.eventually.exist\n    .elementByXPath('(//XCUIElementTypeImage[@name=\"arrow-right\"])[19]')\n    .should.eventually.exist\n    .click()\n    .waitForElementByAccessibilityId('Return to Vestiaire',5000)\n    .should.eventually.exist\n    .click()\n    .waitForElementByXPath('//XCUIElementTypeButton[@name=\"Me\"]', 4000)\n    .should.eventually.exist\n    .then(function () {\n        return _shared.methods.swipeBottomUpAndCheckIfElementExist(driver, \"Legal information\", \"AccessibilityId\");\n    })\n    .elementByAccessibilityId('Legal information')\n    .should.eventually.exist\n    .click()\n    .waitForElementByXPath('//XCUIElementTypeOther[@name=\"Legal information\"]',5000)\n    .should.eventually.exist\n    .swipe({\n        startX: 400,\n        startY: 800,\n        endX: 200,\n        endY: 200,\n        duration: 1000\n    })\n    .elementByXPath('//XCUIElementTypeStaticText[@name=\"DATA PROTECTION\"]')\n    .should.eventually.exist\n    .elementByXPath('(//XCUIElementTypeButton[@name=\"Me\"])[1]')\n    .should.eventually.exist\n    .click()\n    .waitForElementByXPath('//XCUIElementTypeButton[@name=\"Me\"]', 4000)\n    .should.eventually.exist\n    .then(function () {\n        return _shared.methods.swipeBottomUpAndCheckIfElementExist(driver, \"General conditions of use and sale\", \"AccessibilityId\");\n    })\n    .elementByAccessibilityId('General conditions of use and sale')\n    .should.eventually.exist\n    .click()\n    .waitForElementByXPath('//XCUIElementTypeOther[@name=\"General conditions of use and sale\"]',5000)\n    .should.eventually.exist\n    .nodeify(done);",
            "err": {
              "message": "Error: done() invoked with non-Error: Element not found",
              "estack": "Error: done() invoked with non-Error: Element not found\n    at /Users/ngoc.le/appium-testing/node_modules/wd/node_modules/q/q.js:2031:17\n    at runSingle (node_modules/wd/node_modules/q/q.js:137:13)\n    at flush (node_modules/wd/node_modules/q/q.js:125:13)\n    at _combinedTickCallback (internal/process/next_tick.js:131:7)\n    at process._tickCallback (internal/process/next_tick.js:180:9)"
            },
            "isRoot": false,
            "uuid": "6a36c26d-036f-466b-bb1a-ebd7a344550a",
            "isHook": false,
            "skipped": false
          }
        ],
        "suites": [],
        "passes": [],
        "failures": [
          "9f139df3-7b47-4334-9615-c891b72275d8",
          "632790d8-1ae7-4334-9591-f2636090b2a8",
          "fae4b57a-1ac8-4584-bfc8-c48bf1b4a251",
          "6a36c26d-036f-466b-bb1a-ebd7a344550a"
        ],
        "pending": [],
        "skipped": [],
        "duration": 16522,
        "root": false,
        "rootEmpty": false,
        "_timeout": 300000
      },
      {
        "uuid": "b7c51fb8-7de7-4145-afcf-44a9e5f19205",
        "title": "Profile - Manage my availability",
        "fullFile": "/Users/ngoc.le/appium-testing/ios/032-profile-managemyavailability-ios.js",
        "file": "/ios/032-profile-managemyavailability-ios.js",
        "beforeHooks": [
          {
            "title": "\"before all\" hook",
            "fullTitle": "Profile - Manage my availability \"before all\" hook",
            "timedOut": false,
            "duration": 1,
            "pass": false,
            "fail": false,
            "pending": false,
            "code": "driver = wd.promiseChainRemote(opts);\nrequire(\"../logging\").configure(driver);",
            "err": {},
            "isRoot": false,
            "uuid": "15ebb6f9-51ee-4890-a4ac-e1d13ee2e2b8",
            "isHook": true,
            "skipped": false
          },
          {
            "title": "\"before each\" hook",
            "fullTitle": "Profile - Manage my availability \"before each\" hook",
            "timedOut": false,
            "duration": 5053,
            "pass": false,
            "fail": false,
            "pending": false,
            "code": "return driver.init(desired);",
            "err": {},
            "isRoot": false,
            "uuid": "978214ac-b9dc-4594-a1ab-8ca18d16ab82",
            "isHook": true,
            "skipped": false
          }
        ],
        "afterHooks": [
          {
            "title": "\"after all\" hook",
            "fullTitle": "Profile - Manage my availability \"after all\" hook",
            "timedOut": false,
            "duration": 0,
            "pass": false,
            "fail": false,
            "pending": false,
            "code": "if (!allPassed) {\n    console.log(\"all tests passed\");\n}",
            "err": {},
            "isRoot": false,
            "uuid": "8de933b9-754d-4068-9993-029c61e5c9c9",
            "isHook": true,
            "skipped": false
          },
          {
            "title": "\"after each\" hook",
            "fullTitle": "Profile - Manage my availability \"after each\" hook",
            "timedOut": false,
            "duration": 453,
            "pass": false,
            "fail": false,
            "pending": false,
            "code": "allPassed = allPassed && this.currentTest.state === 'passed';\nreturn driver.quit();",
            "err": {},
            "isRoot": false,
            "uuid": "ac9b1030-f0d2-475d-8685-7efef98fc2a3",
            "isHook": true,
            "skipped": false
          }
        ],
        "tests": [
          {
            "title": "Profile - Manage my availability",
            "fullTitle": "Profile - Manage my availability Profile - Manage my availability",
            "timedOut": false,
            "duration": 35647,
            "state": "passed",
            "speed": "slow",
            "pass": true,
            "fail": false,
            "pending": false,
            "code": "driver\n    .waitForElementByXPath('//XCUIElementTypeButton[@name=\"Me\"]', 4000)\n    .should.eventually.exist\n    .click()\n    .waitForElementByAccessibilityId('Manage my availability',5000)\n    .should.eventually.exist\n    .elementByXPath('(//XCUIElementTypeImage[@name=\"arrow-right\"])[1]')\n    .should.eventually.exist\n    .click()\n    .waitForElementByXPath('//XCUIElementTypeOther[@name=\"Manage my availability\"]',5000)\n    .should.eventually.exist\n    .elementByAccessibilityId('Temporarily unavailable')\n    .should.eventually.exist\n    .elementByXPath('//XCUIElementTypeSwitch[starts-with(@name, \"Temporarily unable to ship your sold items?\")]')\n    .should.eventually.exist\n    .click()\n    .waitForElementByAccessibilityId('Start date',5000)\n    .should.eventually.exist\n    .elementByAccessibilityId('End date')\n    .should.eventually.exist\n    .elementByXPath('//XCUIElementTypeApplication[@name=\"Vestiaire\"]/XCUIElementTypeWindow[1]/XCUIElementTypeOther/XCUIElementTypeOther/XCUIElementTypeOther/XCUIElementTypeOther/XCUIElementTypeOther/XCUIElementTypeOther/XCUIElementTypeOther/XCUIElementTypeOther/XCUIElementTypeOther/XCUIElementTypeOther[1]/XCUIElementTypeOther/XCUIElementTypeTable/XCUIElementTypeCell[2]/XCUIElementTypeTextField[1]')\n    .should.eventually.exist\n    .click()\n    .waitForElementByXPath('//XCUIElementTypeStaticText[@name=\"Start date Select\"]',5000)\n    .should.eventually.exist\n    .elementByAccessibilityId('OK')\n    .should.eventually.exist\n    .click()\n    .waitForElementByXPath('//XCUIElementTypeApplication[@name=\"Vestiaire\"]/XCUIElementTypeWindow[1]/XCUIElementTypeOther/XCUIElementTypeOther/XCUIElementTypeOther/XCUIElementTypeOther/XCUIElementTypeOther/XCUIElementTypeOther/XCUIElementTypeOther/XCUIElementTypeOther/XCUIElementTypeOther/XCUIElementTypeOther[1]/XCUIElementTypeOther/XCUIElementTypeTable/XCUIElementTypeCell[2]/XCUIElementTypeTextField[2]',5000)\n    .should.eventually.exist\n    .click()\n    .waitForElementByAccessibilityId('Start date',5000)\n    .should.eventually.exist\n    .elementByAccessibilityId('OK')\n    .should.eventually.exist\n    .click()\n    .waitForElementByXPath('(//XCUIElementTypeButton[@name=\"Me\"])[1]',5000)\n    .should.eventually.exist\n    .nodeify(done);",
            "err": {},
            "isRoot": false,
            "uuid": "eef961cc-cfef-48aa-af9e-86d74db959cd",
            "isHook": false,
            "skipped": false
          }
        ],
        "suites": [],
        "passes": [
          "eef961cc-cfef-48aa-af9e-86d74db959cd"
        ],
        "failures": [],
        "pending": [],
        "skipped": [],
        "duration": 35647,
        "root": false,
        "rootEmpty": false,
        "_timeout": 300000
      },
      {
        "uuid": "371810df-4b1d-4c8a-aa5f-d5b2e0a239a7",
        "title": "Profile - View my profile/Photo",
        "fullFile": "/Users/ngoc.le/appium-testing/ios/033-profile-viewmyprofile-photo-ios.js",
        "file": "/ios/033-profile-viewmyprofile-photo-ios.js",
        "beforeHooks": [
          {
            "title": "\"before all\" hook",
            "fullTitle": "Profile - View my profile/Photo \"before all\" hook",
            "timedOut": false,
            "duration": 0,
            "pass": false,
            "fail": false,
            "pending": false,
            "code": "driver = wd.promiseChainRemote(opts);\nrequire(\"../logging\").configure(driver);",
            "err": {},
            "isRoot": false,
            "uuid": "c5694111-5958-4dd5-aaae-655bf2871c22",
            "isHook": true,
            "skipped": false
          },
          {
            "title": "\"before each\" hook",
            "fullTitle": "Profile - View my profile/Photo \"before each\" hook",
            "timedOut": false,
            "duration": 4092,
            "pass": false,
            "fail": false,
            "pending": false,
            "code": "return driver.init(desired);",
            "err": {},
            "isRoot": false,
            "uuid": "1717a784-a304-4ef9-be19-efd1f7eefeb8",
            "isHook": true,
            "skipped": false
          }
        ],
        "afterHooks": [
          {
            "title": "\"after all\" hook",
            "fullTitle": "Profile - View my profile/Photo \"after all\" hook",
            "timedOut": false,
            "duration": 0,
            "pass": false,
            "fail": false,
            "pending": false,
            "code": "if (!allPassed) {\n    console.log(\"all tests passed\");\n}",
            "err": {},
            "isRoot": false,
            "uuid": "7025291a-0fae-4598-9fe7-627373e91c58",
            "isHook": true,
            "skipped": false
          },
          {
            "title": "\"after each\" hook",
            "fullTitle": "Profile - View my profile/Photo \"after each\" hook",
            "timedOut": false,
            "duration": 412,
            "pass": false,
            "fail": false,
            "pending": false,
            "code": "allPassed = allPassed && this.currentTest.state === 'passed';\nreturn driver.quit();",
            "err": {},
            "isRoot": false,
            "uuid": "d600e542-e83d-4c66-9396-628a256be037",
            "isHook": true,
            "skipped": false
          }
        ],
        "tests": [
          {
            "title": "Profile - Image profile  ",
            "fullTitle": "Profile - View my profile/Photo Profile - Image profile  ",
            "timedOut": false,
            "duration": 7157,
            "state": "passed",
            "speed": "slow",
            "pass": true,
            "fail": false,
            "pending": false,
            "code": "driver\n    .waitForElementByXPath('//XCUIElementTypeButton[@name=\"Me\"]', 4000)\n    .should.eventually.exist\n    .click()\n    .waitForElementByAccessibilityId('VIEW MY PROFILE',5000)\n    .should.eventually.exist\n    .click()\n    .waitForElementByAccessibilityId('placeholder_profil-big',5000)\n    .should.eventually.exist\n    .click()\n    .waitForElementByAccessibilityId('Take a picture',5000)\n    .isEnabled()\n    .should.eventually.be.true\n    .elementByAccessibilityId('Choose existing')\n    .isEnabled()\n    .should.eventually.be.true\n    .elementByAccessibilityId('Cancel')\n    .should.eventually.exist\n    .click()\n    .waitForElementByAccessibilityId('placeholder_profil-big',5000)\n    .should.eventually.exist\n    .nodeify(done);",
            "err": {},
            "isRoot": false,
            "uuid": "419e6c5b-93b2-4406-87b2-ff4b9baeb1b1",
            "isHook": false,
            "skipped": false
          },
          {
            "title": "Profile - Image cover  ",
            "fullTitle": "Profile - View my profile/Photo Profile - Image cover  ",
            "timedOut": false,
            "duration": 8698,
            "state": "passed",
            "speed": "slow",
            "pass": true,
            "fail": false,
            "pending": false,
            "code": "driver\n    .waitForElementByXPath('//XCUIElementTypeButton[@name=\"Me\"]', 4000)\n    .should.eventually.exist\n    .click()\n    .waitForElementByAccessibilityId('VIEW MY PROFILE',5000)\n    .should.eventually.exist\n    .click()\n    .waitForElementByAccessibilityId('cover-default',5000)\n    .should.eventually.exist\n    .click()\n    .waitForElementByAccessibilityId('Take a picture',5000)\n    .isEnabled()\n    .should.eventually.be.true\n    .elementByAccessibilityId('Choose existing')\n    .isEnabled()\n    .should.eventually.be.true\n    .elementByAccessibilityId('Cancel')\n    .should.eventually.exist\n    .click()\n    .waitForElementByAccessibilityId('placeholder_profil-big',5000)\n    .nodeify(done);",
            "err": {},
            "isRoot": false,
            "uuid": "fbf5ca6d-98fe-44b3-bd83-1fe94822fb19",
            "isHook": false,
            "skipped": false
          }
        ],
        "suites": [],
        "passes": [
          "419e6c5b-93b2-4406-87b2-ff4b9baeb1b1",
          "fbf5ca6d-98fe-44b3-bd83-1fe94822fb19"
        ],
        "failures": [],
        "pending": [],
        "skipped": [],
        "duration": 15855,
        "root": false,
        "rootEmpty": false,
        "_timeout": 300000
      },
      {
        "uuid": "bd2aca98-af77-44cc-9de3-f1dc683de38e",
        "title": "Profile - View my profile",
        "fullFile": "/Users/ngoc.le/appium-testing/ios/034-profile-viewmyprofile-ios.js",
        "file": "/ios/034-profile-viewmyprofile-ios.js",
        "beforeHooks": [
          {
            "title": "\"before all\" hook",
            "fullTitle": "Profile - View my profile \"before all\" hook",
            "timedOut": false,
            "duration": 0,
            "pass": false,
            "fail": false,
            "pending": false,
            "code": "driver = wd.promiseChainRemote(opts);\nrequire(\"../logging\").configure(driver);",
            "err": {},
            "isRoot": false,
            "uuid": "ad682f00-4580-4ea8-983f-7f19956cef01",
            "isHook": true,
            "skipped": false
          },
          {
            "title": "\"before each\" hook",
            "fullTitle": "Profile - View my profile \"before each\" hook",
            "timedOut": false,
            "duration": 5639,
            "pass": false,
            "fail": false,
            "pending": false,
            "code": "return driver.init(desired);",
            "err": {},
            "isRoot": false,
            "uuid": "780c2690-1e66-4e2b-8458-a0878420b4c5",
            "isHook": true,
            "skipped": false
          }
        ],
        "afterHooks": [
          {
            "title": "\"after all\" hook",
            "fullTitle": "Profile - View my profile \"after all\" hook",
            "timedOut": false,
            "duration": 0,
            "pass": false,
            "fail": false,
            "pending": false,
            "code": "if (!allPassed) {\n    console.log(\"all tests passed\");\n}",
            "err": {},
            "isRoot": false,
            "uuid": "24ff26d0-aecf-440d-955f-037ff6521824",
            "isHook": true,
            "skipped": false
          },
          {
            "title": "\"after each\" hook",
            "fullTitle": "Profile - View my profile \"after each\" hook",
            "timedOut": false,
            "duration": 398,
            "pass": false,
            "fail": false,
            "pending": false,
            "code": "allPassed = allPassed && this.currentTest.state === 'passed';\nreturn driver.quit();",
            "err": {},
            "isRoot": false,
            "uuid": "15b1cb3c-3241-426f-b5d3-2a4a3394f909",
            "isHook": true,
            "skipped": false
          }
        ],
        "tests": [
          {
            "title": "Profile - Scroll bar",
            "fullTitle": "Profile - View my profile Profile - Scroll bar",
            "timedOut": false,
            "duration": 5907,
            "state": "passed",
            "speed": "slow",
            "pass": true,
            "fail": false,
            "pending": false,
            "code": "driver\n    .waitForElementByXPath('//XCUIElementTypeButton[@name=\"Me\"]', 4000)\n    .should.eventually.exist\n    .click()\n    .waitForElementByAccessibilityId('VIEW MY PROFILE',5000)\n    .should.eventually.exist\n    .click()\n    .waitForElementByAccessibilityId('map-pin',5000)\n    .should.eventually.exist\n    .elementByAccessibilityId('followed by')\n    .should.eventually.exist\n    .elementByAccessibilityId('follows')\n    .should.eventually.exist\n    .nodeify(done);",
            "err": {},
            "isRoot": false,
            "uuid": "f9d91e5a-28f1-41bf-af01-d2a4c22a9b71",
            "isHook": false,
            "skipped": false
          }
        ],
        "suites": [],
        "passes": [
          "f9d91e5a-28f1-41bf-af01-d2a4c22a9b71"
        ],
        "failures": [],
        "pending": [],
        "skipped": [],
        "duration": 5907,
        "root": false,
        "rootEmpty": false,
        "_timeout": 300000
      }
    ],
    "passes": [],
    "failures": [],
    "pending": [],
    "skipped": [],
    "duration": 0,
    "root": true,
    "rootEmpty": true,
    "_timeout": 2000
  },
  "copyrightYear": 2018
}