{
  "stats": {
    "suites": 35,
    "tests": 79,
    "passes": 60,
    "pending": 2,
    "failures": 17,
    "start": "2018-09-26T09:03:05.923Z",
    "end": "2018-09-26T10:22:45.646Z",
    "duration": 4779723,
    "testsRegistered": 79,
    "passPercent": 77.9,
    "pendingPercent": 2.5,
    "other": 0,
    "hasOther": false,
    "skipped": 0,
    "hasSkipped": false,
    "passPercentClass": "warning",
    "pendingPercentClass": "danger"
  },
  "suites": {
    "uuid": "3867e03e-6c3f-4555-89ef-81e865b755fd",
    "title": "",
    "fullFile": "",
    "file": "",
    "beforeHooks": [],
    "afterHooks": [],
    "tests": [],
    "suites": [
      {
        "uuid": "dc7e9e1f-3009-43be-840f-eeceab254ba3",
        "title": "MDP oublié",
        "fullFile": "/Users/ngoc.le/appium-testing/ios/000-forgotpw-ios.js",
        "file": "/ios/000-forgotpw-ios.js",
        "beforeHooks": [
          {
            "title": "\"before all\" hook",
            "fullTitle": "MDP oublié \"before all\" hook",
            "timedOut": false,
            "duration": 4,
            "pass": false,
            "fail": false,
            "pending": false,
            "code": "driver = wd.promiseChainRemote(opts);\nrequire(\"../logging\").configure(driver);",
            "err": {},
            "isRoot": false,
            "uuid": "3fe2585b-baea-4fb9-a099-fbeb5a915f27",
            "isHook": true,
            "skipped": false
          },
          {
            "title": "\"before each\" hook",
            "fullTitle": "MDP oublié \"before each\" hook",
            "timedOut": false,
            "duration": 14389,
            "pass": false,
            "fail": false,
            "pending": false,
            "code": "return driver.init(desired);",
            "err": {},
            "isRoot": false,
            "uuid": "160825f4-46d7-429d-86f0-bab2f1e7a8fe",
            "isHook": true,
            "skipped": false
          }
        ],
        "afterHooks": [
          {
            "title": "\"after all\" hook",
            "fullTitle": "MDP oublié \"after all\" hook",
            "timedOut": false,
            "duration": 0,
            "pass": false,
            "fail": false,
            "pending": false,
            "code": "if (!allPassed) {\n    console.log(\"all tests passed\");\n}",
            "err": {},
            "isRoot": false,
            "uuid": "df244d88-3681-428c-ac4b-cb070a25b729",
            "isHook": true,
            "skipped": false
          },
          {
            "title": "\"after each\" hook",
            "fullTitle": "MDP oublié \"after each\" hook",
            "timedOut": false,
            "duration": 1160,
            "pass": false,
            "fail": false,
            "pending": false,
            "code": "allPassed = allPassed && this.currentTest.state === 'passed';\nreturn driver.quit();",
            "err": {},
            "isRoot": false,
            "uuid": "fc782cb2-e20a-4301-9e0c-5a9374b5acef",
            "isHook": true,
            "skipped": false
          }
        ],
        "tests": [
          {
            "title": "MDP oublié avec l'email incorrect",
            "fullTitle": "MDP oublié MDP oublié avec l'email incorrect",
            "timedOut": false,
            "duration": 18022,
            "state": "passed",
            "speed": "slow",
            "pass": true,
            "fail": false,
            "pending": false,
            "code": "_shared.methods.verifyLoginState(driver)\n    .elementByAccessibilityId(\"btn-login\")\n    .should.eventually.exist\n    .click()\n    .elementByAccessibilityId('Forgotten password?')\n    .should.eventually.exist\n    .click()\n    .waitForElementByAccessibilityId('Enter your email and we will send your password', 5000)\n    .should.eventually.exist\n    .elementByXPath('//XCUIElementTypeApplication[@name=\"Vestiaire\"]/XCUIElementTypeWindow[1]/XCUIElementTypeOther/XCUIElementTypeOther/XCUIElementTypeOther/XCUIElementTypeOther/XCUIElementTypeOther/XCUIElementTypeTable/XCUIElementTypeCell[2]/XCUIElementTypeTextField')\n    .should.eventually.exist\n    .sendKeys(\"ngoc.le+10000@tttttttttt.com\")\n    .elementByAccessibilityId(\"SEND\")\n    .should.eventually.exist\n    .click()\n    .waitForElementByAccessibilityId('bar_notif_error',5000)\n    .should.eventually.exist\n    .nodeify(done);",
            "err": {},
            "isRoot": false,
            "uuid": "43fedeaa-18c0-4ca5-b19b-d33b6f5d14b5",
            "isHook": false,
            "skipped": false
          },
          {
            "title": "MDP oublié avec l'email correct",
            "fullTitle": "MDP oublié MDP oublié avec l'email correct",
            "timedOut": false,
            "duration": 21392,
            "state": "passed",
            "speed": "slow",
            "pass": true,
            "fail": false,
            "pending": false,
            "code": "_shared.methods.verifyLoginState(driver)\n    .elementByAccessibilityId(\"btn-login\")\n    .should.eventually.exist\n    .click()\n    .elementByAccessibilityId('Forgotten password?')\n    .should.eventually.exist\n    .click()\n    .waitForElementByAccessibilityId('Enter your email and we will send your password', 5000)\n    .should.eventually.exist\n    .elementByXPath('//XCUIElementTypeApplication[@name=\"Vestiaire\"]/XCUIElementTypeWindow[1]/XCUIElementTypeOther/XCUIElementTypeOther/XCUIElementTypeOther/XCUIElementTypeOther/XCUIElementTypeOther/XCUIElementTypeTable/XCUIElementTypeCell[2]/XCUIElementTypeTextField')\n    .should.eventually.exist\n    .sendKeys(\"ngoc.le+11@vestiairecollective.com\")\n    .elementByAccessibilityId(\"SEND\")\n    .should.eventually.exist\n    .click()\n    .sleep(3000)\n    .hasElementByAccessibilityId(\"bar_notif_confirm\")\n    .then(function(exist) {\n        if(exist)\n            return driver.elementByAccessibilityId(\"bar_notif_confirm\");\n        else\n            return driver.elementByAccessibilityId('bar_notif_error');\n    })\n    .should.eventually.exist\n    .nodeify(done);",
            "err": {},
            "isRoot": false,
            "uuid": "6e0418aa-d791-4fd3-803d-f3b7841904f8",
            "isHook": false,
            "skipped": false
          }
        ],
        "suites": [],
        "passes": [
          "43fedeaa-18c0-4ca5-b19b-d33b6f5d14b5",
          "6e0418aa-d791-4fd3-803d-f3b7841904f8"
        ],
        "failures": [],
        "pending": [],
        "skipped": [],
        "duration": 39414,
        "root": false,
        "rootEmpty": false,
        "_timeout": 300000
      },
      {
        "uuid": "aae03750-0442-4e9d-95ce-676431eca7cd",
        "title": "Inscription",
        "fullFile": "/Users/ngoc.le/appium-testing/ios/001-registration-ios.js",
        "file": "/ios/001-registration-ios.js",
        "beforeHooks": [
          {
            "title": "\"before all\" hook",
            "fullTitle": "Inscription \"before all\" hook",
            "timedOut": false,
            "duration": 1,
            "pass": false,
            "fail": false,
            "pending": false,
            "code": "driver = wd.promiseChainRemote(opts);\nrequire(\"../logging\").configure(driver);",
            "err": {},
            "isRoot": false,
            "uuid": "1e24de91-003a-4319-888a-40de67c5557c",
            "isHook": true,
            "skipped": false
          },
          {
            "title": "\"before each\" hook",
            "fullTitle": "Inscription \"before each\" hook",
            "timedOut": false,
            "duration": 13944,
            "pass": false,
            "fail": false,
            "pending": false,
            "code": "return driver.init(desired);",
            "err": {},
            "isRoot": false,
            "uuid": "20e9ffa0-12ee-44fd-8b7c-00938576b807",
            "isHook": true,
            "skipped": false
          }
        ],
        "afterHooks": [
          {
            "title": "\"after all\" hook",
            "fullTitle": "Inscription \"after all\" hook",
            "timedOut": false,
            "duration": 0,
            "pass": false,
            "fail": false,
            "pending": false,
            "code": "if (!allPassed) {\n    console.log(\"all tests passed\");\n}",
            "err": {},
            "isRoot": false,
            "uuid": "3ff62549-1914-4f6c-b1a1-de9383a42095",
            "isHook": true,
            "skipped": false
          },
          {
            "title": "\"after each\" hook",
            "fullTitle": "Inscription \"after each\" hook",
            "timedOut": false,
            "duration": 1191,
            "pass": false,
            "fail": false,
            "pending": false,
            "code": "allPassed = allPassed && this.currentTest.state === 'passed';\nreturn driver.quit();",
            "err": {},
            "isRoot": false,
            "uuid": "67e15ea0-3279-4b17-a1ec-ef1d41c659ae",
            "isHook": true,
            "skipped": false
          }
        ],
        "tests": [
          {
            "title": "Inscrire avec l'email incorrect",
            "fullTitle": "Inscription Inscrire avec l'email incorrect",
            "timedOut": false,
            "duration": 29333,
            "state": "passed",
            "speed": "slow",
            "pass": true,
            "fail": false,
            "pending": false,
            "code": "_shared.methods.verifyLoginState(driver) // login and register page\n    .waitForElementByAccessibilityId('btn-register', 5000)\n    .should.eventually.exist\n    .click()\n    .waitForElementByAccessibilityId('Male', 5000)\n    .should.eventually.exist\n    .elementByXPath('//XCUIElementTypeApplication[@name=\"Vestiaire\"]/XCUIElementTypeWindow[1]/XCUIElementTypeOther/XCUIElementTypeOther/XCUIElementTypeOther/XCUIElementTypeOther/XCUIElementTypeOther/XCUIElementTypeTable/XCUIElementTypeCell[3]/XCUIElementTypeTextField')\n    .should.eventually.exist\n    .elementByXPath('//XCUIElementTypeApplication[@name=\"Vestiaire\"]/XCUIElementTypeWindow[1]/XCUIElementTypeOther/XCUIElementTypeOther/XCUIElementTypeOther/XCUIElementTypeOther/XCUIElementTypeOther/XCUIElementTypeTable/XCUIElementTypeCell[4]/XCUIElementTypeTextField')\n    .should.eventually.exist\n    .sendKeys(\"joeff@gmail\")\n    .elementByXPath('//XCUIElementTypeApplication[@name=\"Vestiaire\"]/XCUIElementTypeWindow[1]/XCUIElementTypeOther/XCUIElementTypeOther/XCUIElementTypeOther/XCUIElementTypeOther/XCUIElementTypeOther/XCUIElementTypeTable/XCUIElementTypeCell[5]/XCUIElementTypeSecureTextField')\n    .should.eventually.exist\n    .sendKeys(\"1234\")\n    .elementByAccessibilityId('Next:')\n    .click()\n    .waitForElementByAccessibilityId('eye show',5000)\n    .should.eventually.exist\n    .elementByXPath('//XCUIElementTypeSwitch[@name=\"By signing up, I agree to the terms and conditions of Vestiaire Collective\"]')\n    .should.eventually.exist\n    .click()\n    .waitForElementByAccessibilityId('SIGN UP', 5000)\n    .should.eventually.exist\n    .click()\n    .sleep(3000)\n    .hasElementByAccessibilityId('Me')\n    .should.eventually.be.false\n    .nodeify(done);",
            "err": {},
            "isRoot": false,
            "uuid": "0ed52c77-ac32-4688-9851-c485d94ab045",
            "isHook": false,
            "skipped": false
          },
          {
            "title": "Inscrire avec l'email déjà existé",
            "fullTitle": "Inscription Inscrire avec l'email déjà existé",
            "timedOut": false,
            "duration": 29692,
            "state": "passed",
            "speed": "slow",
            "pass": true,
            "fail": false,
            "pending": false,
            "code": "_shared.methods.verifyLoginState(driver) // login and register page\n    .waitForElementByAccessibilityId('btn-register', 5000)\n    .should.eventually.exist\n    .click()\n    .waitForElementByAccessibilityId('Male', 5000)\n    .should.eventually.exist\n    .elementByXPath('//XCUIElementTypeApplication[@name=\"Vestiaire\"]/XCUIElementTypeWindow[1]/XCUIElementTypeOther/XCUIElementTypeOther/XCUIElementTypeOther/XCUIElementTypeOther/XCUIElementTypeOther/XCUIElementTypeTable/XCUIElementTypeCell[3]/XCUIElementTypeTextField')\n    .should.eventually.exist\n    .elementByXPath('//XCUIElementTypeApplication[@name=\"Vestiaire\"]/XCUIElementTypeWindow[1]/XCUIElementTypeOther/XCUIElementTypeOther/XCUIElementTypeOther/XCUIElementTypeOther/XCUIElementTypeOther/XCUIElementTypeTable/XCUIElementTypeCell[4]/XCUIElementTypeTextField')\n    .should.eventually.exist\n    .sendKeys(\"ngoc.le+4@vestiairecollective.com\")\n    .elementByXPath('//XCUIElementTypeApplication[@name=\"Vestiaire\"]/XCUIElementTypeWindow[1]/XCUIElementTypeOther/XCUIElementTypeOther/XCUIElementTypeOther/XCUIElementTypeOther/XCUIElementTypeOther/XCUIElementTypeTable/XCUIElementTypeCell[5]/XCUIElementTypeSecureTextField')\n    .should.eventually.exist\n    .sendKeys(\"002299\")\n    .elementByAccessibilityId('Next:')\n    .click()\n    .waitForElementByAccessibilityId('eye show',5000)\n    .should.eventually.exist\n    .elementByXPath('//XCUIElementTypeSwitch[@name=\"By signing up, I agree to the terms and conditions of Vestiaire Collective\"]')\n    .should.eventually.exist\n    .click()\n    .waitForElementByAccessibilityId('SIGN UP', 5000)\n    .should.eventually.exist\n    .click()\n    .sleep(3000)\n    .hasElementByAccessibilityId('Me')\n    .should.eventually.be.false\n    .nodeify(done);",
            "err": {},
            "isRoot": false,
            "uuid": "574452ec-73bb-4bd1-bb1f-2d615f0a5d2a",
            "isHook": false,
            "skipped": false
          },
          {
            "title": "Inscrire avec l'email correct",
            "fullTitle": "Inscription Inscrire avec l'email correct",
            "timedOut": false,
            "duration": 36914,
            "state": "failed",
            "pass": false,
            "fail": true,
            "pending": false,
            "code": "_shared.methods.verifyLoginState(driver) // login and register page\n    .waitForElementByAccessibilityId('btn-register', 5000)\n    .should.eventually.exist\n    .click()\n    .waitForElementByAccessibilityId('Already a member? Log in',5000)\n    .should.eventually.exist\n    .click()\n    .waitForElementByAccessibilityId('Back',5000)\n    .should.eventually.exist\n    .click()\n    .waitForElementByAccessibilityId('btn-register', 5000)\n    .should.eventually.exist\n    .click()\n    .waitForElementByAccessibilityId('Male', 5000)\n    .should.eventually.exist\n    .click()\n    .elementByXPath('//XCUIElementTypeApplication[@name=\"Vestiaire\"]/XCUIElementTypeWindow[1]/XCUIElementTypeOther/XCUIElementTypeOther/XCUIElementTypeOther/XCUIElementTypeOther/XCUIElementTypeOther/XCUIElementTypeTable/XCUIElementTypeCell[3]/XCUIElementTypeTextField')\n    .should.eventually.exist\n    .sendKeys(\"LEEEEE\")\n    .elementByXPath('//XCUIElementTypeApplication[@name=\"Vestiaire\"]/XCUIElementTypeWindow[1]/XCUIElementTypeOther/XCUIElementTypeOther/XCUIElementTypeOther/XCUIElementTypeOther/XCUIElementTypeOther/XCUIElementTypeTable/XCUIElementTypeCell[4]/XCUIElementTypeTextField')\n    .should.eventually.exist\n    .sendKeys('ngoc.le+' + Date.now() + '@vestiairecollective.com')\n    .elementByXPath('//XCUIElementTypeApplication[@name=\"Vestiaire\"]/XCUIElementTypeWindow[1]/XCUIElementTypeOther/XCUIElementTypeOther/XCUIElementTypeOther/XCUIElementTypeOther/XCUIElementTypeOther/XCUIElementTypeTable/XCUIElementTypeCell[5]/XCUIElementTypeSecureTextField')\n    .should.eventually.exist\n    .sendKeys(\"09051989\")\n    .elementByAccessibilityId('Next:')\n    .click()\n    .waitForElementByAccessibilityId('eye show',5000)\n    .should.eventually.exist\n    .waitForElementByAccessibilityId('Receive the vestiaire collective newsletter',5000)\n    .should.eventually.exist\n    .elementByXPath('//XCUIElementTypeStaticText[@name=\"By signing up, I agree to the terms and conditions of Vestiaire Collective\"]')\n    .should.eventually.exist\n    .elementByXPath('//XCUIElementTypeSwitch[@name=\"By signing up, I agree to the terms and conditions of Vestiaire Collective\"]')\n    .should.eventually.exist\n    .click()\n    .waitForElementByAccessibilityId('SIGN UP', 5000)\n    .should.eventually.exist\n    .click()\n    .waitForElementByAccessibilityId('Me', 3000)\n    .should.eventually.exist\n    .nodeify(done);",
            "err": {
              "message": "Error: [waitForElementByAccessibilityId(\"Me\",3000)] Element condition wasn't satisfied!",
              "estack": "Error: [waitForElementByAccessibilityId(\"Me\",3000)] Element condition wasn't satisfied!\n    at /Users/ngoc.le/appium-testing/node_modules/wd/lib/commands.js:981:12\n    at /Users/ngoc.le/appium-testing/node_modules/wd/lib/commands.js:886:11\n    at /Users/ngoc.le/appium-testing/node_modules/wd/lib/commands.js:968:13\n    at /Users/ngoc.le/appium-testing/node_modules/async/dist/async.js:3679:13\n    at /Users/ngoc.le/appium-testing/node_modules/async/dist/async.js:486:20\n    at replenish (node_modules/async/dist/async.js:879:29)\n    at /Users/ngoc.le/appium-testing/node_modules/async/dist/async.js:888:13\n    at eachOfLimit (node_modules/async/dist/async.js:915:26)\n    at /Users/ngoc.le/appium-testing/node_modules/async/dist/async.js:920:20\n    at _parallel (node_modules/async/dist/async.js:3670:9)\n    at Object.series (node_modules/async/dist/async.js:4496:7)\n    at /Users/ngoc.le/appium-testing/node_modules/wd/lib/commands.js:966:15\n    at /Users/ngoc.le/appium-testing/node_modules/wd/lib/promise-webdriver.js:52:11\n    at _fulfilled (node_modules/wd/node_modules/q/q.js:834:54)\n    at self.promiseDispatch.done (node_modules/wd/node_modules/q/q.js:863:30)\n    at Promise.promise.promiseDispatch (node_modules/wd/node_modules/q/q.js:796:13)\n    at /Users/ngoc.le/appium-testing/node_modules/wd/node_modules/q/q.js:604:44\n    at runSingle (node_modules/wd/node_modules/q/q.js:137:13)\n    at flush (node_modules/wd/node_modules/q/q.js:125:13)\n    at _combinedTickCallback (internal/process/next_tick.js:131:7)\n    at process._tickCallback (internal/process/next_tick.js:180:9)"
            },
            "isRoot": false,
            "uuid": "5ef622b8-fe6f-4878-861d-0ab40f00eeb5",
            "isHook": false,
            "skipped": false
          }
        ],
        "suites": [],
        "passes": [
          "0ed52c77-ac32-4688-9851-c485d94ab045",
          "574452ec-73bb-4bd1-bb1f-2d615f0a5d2a"
        ],
        "failures": [
          "5ef622b8-fe6f-4878-861d-0ab40f00eeb5"
        ],
        "pending": [],
        "skipped": [],
        "duration": 95939,
        "root": false,
        "rootEmpty": false,
        "_timeout": 300000
      },
      {
        "uuid": "85d84afd-8953-4609-bb63-cf3ac6f1b302",
        "title": "Connection",
        "fullFile": "/Users/ngoc.le/appium-testing/ios/002-identification-ios.js",
        "file": "/ios/002-identification-ios.js",
        "beforeHooks": [
          {
            "title": "\"before all\" hook",
            "fullTitle": "Connection \"before all\" hook",
            "timedOut": false,
            "duration": 0,
            "pass": false,
            "fail": false,
            "pending": false,
            "code": "driver = wd.promiseChainRemote(opts);\nrequire(\"../logging\").configure(driver);",
            "err": {},
            "isRoot": false,
            "uuid": "f93f136b-c34d-4729-93c7-15b5deee1316",
            "isHook": true,
            "skipped": false
          },
          {
            "title": "\"before each\" hook",
            "fullTitle": "Connection \"before each\" hook",
            "timedOut": false,
            "duration": 12419,
            "pass": false,
            "fail": false,
            "pending": false,
            "code": "return driver.init(desired);",
            "err": {},
            "isRoot": false,
            "uuid": "8a25ae8d-0b72-4ec2-8906-f4d4f4ff4331",
            "isHook": true,
            "skipped": false
          }
        ],
        "afterHooks": [
          {
            "title": "\"after all\" hook",
            "fullTitle": "Connection \"after all\" hook",
            "timedOut": false,
            "duration": 0,
            "pass": false,
            "fail": false,
            "pending": false,
            "code": "if (!allPassed) {\n    console.log(\"all tests passed\");\n}",
            "err": {},
            "isRoot": false,
            "uuid": "9fbaba78-c16b-4889-9a44-b6fb032c2eeb",
            "isHook": true,
            "skipped": false
          },
          {
            "title": "\"after each\" hook",
            "fullTitle": "Connection \"after each\" hook",
            "timedOut": false,
            "duration": 1155,
            "pass": false,
            "fail": false,
            "pending": false,
            "code": "allPassed = allPassed && this.currentTest.state === 'passed';\nreturn driver.quit();",
            "err": {},
            "isRoot": false,
            "uuid": "ae46adef-22d7-421c-af71-e83d53b7dc51",
            "isHook": true,
            "skipped": false
          }
        ],
        "tests": [
          {
            "title": "Connecter avec l'email et mdp vide",
            "fullTitle": "Connection Connecter avec l'email et mdp vide",
            "timedOut": false,
            "duration": 37518,
            "state": "passed",
            "speed": "slow",
            "pass": true,
            "fail": false,
            "pending": false,
            "code": "_shared.methods.verifyLoginState(driver)\n    .elementByAccessibilityId(\"btn-login\")\n    .should.eventually.exist\n    .click()\n    .elementByXPath(\"//XCUIElementTypeApplication[@name=\\\"Vestiaire\\\"]/XCUIElementTypeWindow[1]/XCUIElementTypeOther/XCUIElementTypeOther/XCUIElementTypeOther/XCUIElementTypeOther/XCUIElementTypeOther/XCUIElementTypeTable/XCUIElementTypeCell[2]/XCUIElementTypeTextField\")\n    .should.eventually.exist\n    .elementByXPath('//XCUIElementTypeTable/XCUIElementTypeCell[2]/XCUIElementTypeTextField')\n    .click()\n    .sendKeys('ngoc.le+4@vestiairecollective.com')\n    .elementByAccessibilityId(\"LOG IN\")\n    .should.eventually.exist\n    .click()\n    .sleep(3000)\n    .hasElementByAccessibilityId('Me')\n    .should.eventually.be.false\n    .nodeify(done);",
            "err": {},
            "isRoot": false,
            "uuid": "82586dc9-0dd8-4339-839e-f85958643484",
            "isHook": false,
            "skipped": false
          },
          {
            "title": "Connecter avec l'email incorrect",
            "fullTitle": "Connection Connecter avec l'email incorrect",
            "timedOut": false,
            "duration": 0,
            "pass": false,
            "fail": false,
            "pending": true,
            "code": "",
            "err": {},
            "isRoot": false,
            "uuid": "1929fa7c-7d26-4f3d-87e2-86e8c9a1e40c",
            "isHook": false,
            "skipped": false
          },
          {
            "title": "Connecter avec mdp incorrect",
            "fullTitle": "Connection Connecter avec mdp incorrect",
            "timedOut": false,
            "duration": 23540,
            "state": "passed",
            "speed": "slow",
            "pass": true,
            "fail": false,
            "pending": false,
            "code": "_shared.methods.verifyLoginState(driver)\n    .elementByAccessibilityId(\"btn-login\")\n    .should.eventually.exist\n    .click()\n    .waitForElementByXPath('//XCUIElementTypeTable/XCUIElementTypeCell[2]/XCUIElementTypeTextField', 2000)\n    .should.eventually.exist\n    .click()\n    .sendKeys('ngoc.le+4@vestiairecollective.com')\n    .elementByXPath('//XCUIElementTypeTable/XCUIElementTypeCell[3]/XCUIElementTypeSecureTextField')\n    .should.eventually.exist\n    .click()\n    .sendKeys('002233')\n    .elementByAccessibilityId(\"LOG IN\")\n    .should.eventually.exist\n    .click()\n    .waitForElementByAccessibilityId('bar_notif_error', 3000)\n    .should.eventually.exist\n    .hasElementByAccessibilityId('Me')\n    .should.eventually.be.false\n    .nodeify(done);",
            "err": {},
            "isRoot": false,
            "uuid": "a9ee4f69-0325-4993-8353-262f16932989",
            "isHook": false,
            "skipped": false
          },
          {
            "title": "Connecter avec email et mdp correct",
            "fullTitle": "Connection Connecter avec email et mdp correct",
            "timedOut": false,
            "duration": 43846,
            "state": "passed",
            "speed": "slow",
            "pass": true,
            "fail": false,
            "pending": false,
            "code": "_shared.methods.shouldLogin(driver, 'ngoc.le+4@vestiairecollective.com', '002299')\n    .nodeify(done);",
            "err": {},
            "isRoot": false,
            "uuid": "2d811cb6-2e6f-4649-8265-88b86021b784",
            "isHook": false,
            "skipped": false
          }
        ],
        "suites": [],
        "passes": [
          "82586dc9-0dd8-4339-839e-f85958643484",
          "a9ee4f69-0325-4993-8353-262f16932989",
          "2d811cb6-2e6f-4649-8265-88b86021b784"
        ],
        "failures": [],
        "pending": [
          "1929fa7c-7d26-4f3d-87e2-86e8c9a1e40c"
        ],
        "skipped": [],
        "duration": null,
        "root": false,
        "rootEmpty": false,
        "_timeout": 300000
      },
      {
        "uuid": "c51d72bc-ae09-4a39-bce5-869b805a84f4",
        "title": "Produit page",
        "fullFile": "/Users/ngoc.le/appium-testing/ios/003-search-filter-ios.js",
        "file": "/ios/003-search-filter-ios.js",
        "beforeHooks": [
          {
            "title": "\"before all\" hook",
            "fullTitle": "Produit page \"before all\" hook",
            "timedOut": false,
            "duration": 0,
            "pass": false,
            "fail": false,
            "pending": false,
            "code": "driver = wd.promiseChainRemote(opts);\nrequire(\"../logging\").configure(driver);",
            "err": {},
            "isRoot": false,
            "uuid": "ff773093-41dc-4f87-a16a-151296578101",
            "isHook": true,
            "skipped": false
          },
          {
            "title": "\"before each\" hook",
            "fullTitle": "Produit page \"before each\" hook",
            "timedOut": false,
            "duration": 15840,
            "pass": false,
            "fail": false,
            "pending": false,
            "code": "return driver.init(desired);",
            "err": {},
            "isRoot": false,
            "uuid": "bbc22f6e-b830-4cd8-88e3-4fd5e3cf2012",
            "isHook": true,
            "skipped": false
          }
        ],
        "afterHooks": [
          {
            "title": "\"after all\" hook",
            "fullTitle": "Produit page \"after all\" hook",
            "timedOut": false,
            "duration": 0,
            "pass": false,
            "fail": false,
            "pending": false,
            "code": "if (!allPassed) {\n    console.log(\"all tests passed\");\n}",
            "err": {},
            "isRoot": false,
            "uuid": "64f5d61a-6944-42f3-bd9c-af5d3bb5d624",
            "isHook": true,
            "skipped": false
          },
          {
            "title": "\"after each\" hook",
            "fullTitle": "Produit page \"after each\" hook",
            "timedOut": false,
            "duration": 1147,
            "pass": false,
            "fail": false,
            "pending": false,
            "code": "allPassed = allPassed && this.currentTest.state === 'passed';\nreturn driver.quit();",
            "err": {},
            "isRoot": false,
            "uuid": "fa7d6824-70f4-48ab-88fe-9a237b5df811",
            "isHook": true,
            "skipped": false
          }
        ],
        "tests": [
          {
            "title": "Recherche un produit",
            "fullTitle": "Produit page Recherche un produit",
            "timedOut": false,
            "duration": 77787,
            "state": "passed",
            "speed": "slow",
            "pass": true,
            "fail": false,
            "pending": false,
            "code": "_shared.methods.shouldLogin(driver, 'ngoc.le+4@vestiairecollective.com', '002299')\n    .waitForElementByXPath('//XCUIElementTypeApplication[@name=\"Vestiaire\"]/XCUIElementTypeWindow[1]/XCUIElementTypeOther/XCUIElementTypeOther/XCUIElementTypeOther/XCUIElementTypeOther/XCUIElementTypeOther/XCUIElementTypeOther/XCUIElementTypeOther/XCUIElementTypeOther[2]/XCUIElementTypeTextField', 3000)\n    .click()\n    .waitForElementByXPath('//XCUIElementTypeApplication[@name=\"Vestiaire\"]/XCUIElementTypeWindow[1]/XCUIElementTypeOther/XCUIElementTypeOther/XCUIElementTypeOther/XCUIElementTypeTextField', 2000)\n    .should.eventually.exist\n    .sendKeys('Dior')\n    .elementByXPath('//XCUIElementTypeStaticText[@name=\"dior \"]')\n    .should.eventually.exist\n    .click()\n    .waitForElementByXPath(\"//XCUIElementTypeApplication[@name='Vestiaire']/XCUIElementTypeWindow[1]/XCUIElementTypeOther/XCUIElementTypeTabBar\", 2000)\n    .should.eventually.exist\n    .elementByXPath(\"//XCUIElementTypeApplication[@name='Vestiaire']/XCUIElementTypeWindow[1]/XCUIElementTypeOther/XCUIElementTypeOther/XCUIElementTypeOther/XCUIElementTypeOther/XCUIElementTypeOther/XCUIElementTypeOther/XCUIElementTypeOther/XCUIElementTypeCollectionView/XCUIElementTypeCell[1]/XCUIElementTypeOther/XCUIElementTypeOther\")\n    .should.eventually.exist\n    .elementByAccessibilityId(\"Back\")\n    .should.eventually.exist\n    .elementByAccessibilityId(\"FILTER & SORT\")\n    .should.eventually.exist\n    .nodeify(done);",
            "err": {},
            "isRoot": false,
            "uuid": "56ec0c24-f581-4f7f-ae7a-4c7a03f02cf5",
            "isHook": false,
            "skipped": false
          },
          {
            "title": "Filtre",
            "fullTitle": "Produit page Filtre",
            "timedOut": false,
            "duration": 134613,
            "state": "passed",
            "speed": "slow",
            "pass": true,
            "fail": false,
            "pending": false,
            "code": "// _shared.methods.shouldLogin(driver)\ndriver.sleep(5000)\n    .hasElementByAccessibilityId('I UNDERSTOOD')\n    .then(function (exist) {\n        if (exist) {\n            return driver.waitForElementByAccessibilityId('I UNDERSTOOD', 5000)\n                .should.eventually.exist\n                .elementByAccessibilityId('Later')\n                .should.eventually.exist\n                .click()\n        }\n        else\n            return driver;\n    })\n    .hasElementByAccessibilityId('Allow')\n    .then(function (exist) {\n        if (exist) {\n            return driver.waitForElementByAccessibilityId('Allow', 5000)\n                .should.eventually.exist\n                .elementByAccessibilityId('Don’t Allow')\n                .should.eventually.exist\n                .click();\n        }\n        else\n            return driver;\n    })\n    .waitForElementByXPath('//XCUIElementTypeButton[@name=\"Me\"]', 5000)\n    .then(function () {\n        return _shared.methods.swipeBottomUpAndCheckIfElementExist(driver, \"SEE ALL NEW ITEMS\", \"AccessibilityId\");\n    })\n    .click()\n    .waitForElementByAccessibilityId(\"New items\", 5000)\n    .should.eventually.exist\n    .elementByAccessibilityId(\"Back\")\n    .should.eventually.exist\n    .elementByAccessibilityId(\"btn-cart\")\n    .should.eventually.exist\n    .elementByAccessibilityId(\"FILTER & SORT\")\n    .should.eventually.exist\n    .click()\n    .waitForElementByAccessibilityId(\"Woman categories\", 5000)\n    .should.eventually.exist\n    .click()\n    .elementByAccessibilityId(\"Bags\")\n    .should.eventually.exist\n    .click()\n    .waitForElementByAccessibilityId('Handbags', 5000)\n    .should.eventually.exist\n    .click()\n    .waitForElementByAccessibilityId(\"CONFIRM\", 5000)\n    .click()\n    .then(function () {\n        return _shared.methods.swipeBottomUpAndCheckIfElementExist(driver, \"//XCUIElementTypeSwitch[starts-with(@name, 'Ready to ship  Items shipped within 48 hours')]\", \"XPath\");\n    })\n    .should.eventually.exist\n    .click()\n    .waitForElementByXPath('//XCUIElementTypeButton[starts-with(@name, \"SEE\")]', 5000)\n    .should.eventually.exist\n    .click()\n    .waitForElementByXPath(\"//XCUIElementTypeApplication[@name='Vestiaire']/XCUIElementTypeWindow[1]/XCUIElementTypeOther/XCUIElementTypeOther/XCUIElementTypeOther/XCUIElementTypeOther/XCUIElementTypeOther/XCUIElementTypeOther/XCUIElementTypeOther/XCUIElementTypeCollectionView/XCUIElementTypeCell[1]/XCUIElementTypeOther/XCUIElementTypeOther\", 5000)\n    .should.eventually.exist\n    .elementByAccessibilityId(\"ALERT\")\n    .should.eventually.exist\n    .elementByAccessibilityId(\"FILTER (2)\")\n    .should.eventually.exist\n    // console.log (\"Vérification la page produit retourne au produit list à l'endroit de produit\")\n    .swipe({\n        startX: 200,\n        startY: 600,\n        endX: 200,\n        endY: 200,\n        duration: 1000\n    })\n    .elementByXPath(`//XCUIElementTypeCollectionView/XCUIElementTypeCell[@y > 0][1]/XCUIElementTypeOther/XCUIElementTypeOther/XCUIElementTypeOther/XCUIElementTypeStaticText`)\n    .getValue()\n    .then(function (productName) {\n        return driver.elementByXPath(`//XCUIElementTypeStaticText[@name=\"` + productName + `\"]`)\n            .click()\n            .waitForElementByXPath(`//XCUIElementTypeButton[@name=\"New items\"]`, 5000)\n            .click()\n            .hasElementByXPath(`//XCUIElementTypeStaticText[@name=\"` + productName + `\"]`);\n    })\n    .should.eventually.be.true\n    .sleep(1000)\n    .nodeify(done);",
            "err": {},
            "isRoot": false,
            "uuid": "d41be032-771e-49ac-ba35-163a6fdffd7d",
            "isHook": false,
            "skipped": false
          }
        ],
        "suites": [],
        "passes": [
          "56ec0c24-f581-4f7f-ae7a-4c7a03f02cf5",
          "d41be032-771e-49ac-ba35-163a6fdffd7d"
        ],
        "failures": [],
        "pending": [],
        "skipped": [],
        "duration": 212400,
        "root": false,
        "rootEmpty": false,
        "_timeout": 300000
      },
      {
        "uuid": "d7576959-c8cb-4066-b8a2-8b9e848d9528",
        "title": "My favourites",
        "fullFile": "/Users/ngoc.le/appium-testing/ios/004-favourites-ios.js",
        "file": "/ios/004-favourites-ios.js",
        "beforeHooks": [
          {
            "title": "\"before all\" hook",
            "fullTitle": "My favourites \"before all\" hook",
            "timedOut": false,
            "duration": 2,
            "pass": false,
            "fail": false,
            "pending": false,
            "code": "driver = wd.promiseChainRemote(opts);\nrequire(\"../logging\").configure(driver);",
            "err": {},
            "isRoot": false,
            "uuid": "c4bf3edb-ed28-4212-8c64-c55b5bf05d7a",
            "isHook": true,
            "skipped": false
          },
          {
            "title": "\"before each\" hook",
            "fullTitle": "My favourites \"before each\" hook",
            "timedOut": false,
            "duration": 13253,
            "pass": false,
            "fail": false,
            "pending": false,
            "code": "return driver.init(desired);",
            "err": {},
            "isRoot": false,
            "uuid": "26dd993c-e9dd-4cd2-9476-359ca2b942af",
            "isHook": true,
            "skipped": false
          }
        ],
        "afterHooks": [
          {
            "title": "\"after all\" hook",
            "fullTitle": "My favourites \"after all\" hook",
            "timedOut": false,
            "duration": 0,
            "pass": false,
            "fail": false,
            "pending": false,
            "code": "if (!allPassed) {\n    console.log(\"all tests passed\");\n}",
            "err": {},
            "isRoot": false,
            "uuid": "f71a198e-1e4d-44f7-bc4d-1ba3b7ea8a09",
            "isHook": true,
            "skipped": false
          },
          {
            "title": "\"after each\" hook",
            "fullTitle": "My favourites \"after each\" hook",
            "timedOut": false,
            "duration": 1102,
            "pass": false,
            "fail": false,
            "pending": false,
            "code": "allPassed = allPassed && this.currentTest.state === 'passed';\nreturn driver.quit();",
            "err": {},
            "isRoot": false,
            "uuid": "c9c63d2d-93bc-4046-b66f-3d929160ad86",
            "isHook": true,
            "skipped": false
          }
        ],
        "tests": [
          {
            "title": "Ajouter ou enlever un produit dans ma wish list",
            "fullTitle": "My favourites Ajouter ou enlever un produit dans ma wish list",
            "timedOut": false,
            "duration": 7094,
            "state": "failed",
            "pass": false,
            "fail": true,
            "pending": false,
            "code": "//_shared.methods.shouldLogin(driver)\ndriver\n    .hasElementByAccessibilityId('I UNDERSTOOD')\n    .then(function (exist) {\n        if (exist) {\n            return driver.waitForElementByAccessibilityId('I UNDERSTOOD', 5000)\n                .should.eventually.exist\n                .elementByAccessibilityId('Later')\n                .should.eventually.exist\n                .click()\n        }\n        else\n            return driver;\n    })\n    .hasElementByAccessibilityId('Allow')\n    .then(function (exist) {\n        if (exist) {\n            return driver.waitForElementByAccessibilityId('Allow', 5000)\n                .should.eventually.exist\n                .elementByAccessibilityId('Don’t Allow')\n                .should.eventually.exist\n                .click();\n        }\n        else\n            return driver;\n    })\n    .waitForElementByXPath(\"(//XCUIElementTypeButton[@name=\\\"like product\\\"])[1]\", 5000)\n    .click()\n    .waitForElementByAccessibilityId(\"bar_notif_confirm\", 500)\n    .should.eventually.exist\n    .hasElementByAccessibilityId(\"This item has been added to your favourites\")\n    .then(function (exist) {\n        if (exist) {\n            return driver.elementByAccessibilityId(\"This item has been added to your favourites\");\n        }\n        else\n            return driver.elementByAccessibilityId(\"This item has been removed from your favourites\");\n    })\n    .should.eventually.exist\n    // Ne pouvoir pas vérifier dans la page Profile > My wishlist car le temps d'attendre est trop long\n    .nodeify(done);",
            "err": {
              "message": "Error: [waitForElementByXPath(\"(//XCUIElementTypeButton[@name=\\\"like product\\\"])[1]\",5000)] Element condition wasn't satisfied!",
              "estack": "Error: [waitForElementByXPath(\"(//XCUIElementTypeButton[@name=\\\"like product\\\"])[1]\",5000)] Element condition wasn't satisfied!\n    at /Users/ngoc.le/appium-testing/node_modules/wd/lib/commands.js:981:12\n    at /Users/ngoc.le/appium-testing/node_modules/wd/lib/commands.js:886:11\n    at /Users/ngoc.le/appium-testing/node_modules/wd/lib/commands.js:968:13\n    at /Users/ngoc.le/appium-testing/node_modules/async/dist/async.js:3679:13\n    at /Users/ngoc.le/appium-testing/node_modules/async/dist/async.js:486:20\n    at replenish (node_modules/async/dist/async.js:879:29)\n    at /Users/ngoc.le/appium-testing/node_modules/async/dist/async.js:888:13\n    at eachOfLimit (node_modules/async/dist/async.js:915:26)\n    at /Users/ngoc.le/appium-testing/node_modules/async/dist/async.js:920:20\n    at _parallel (node_modules/async/dist/async.js:3670:9)\n    at Object.series (node_modules/async/dist/async.js:4496:7)\n    at /Users/ngoc.le/appium-testing/node_modules/wd/lib/commands.js:966:15\n    at /Users/ngoc.le/appium-testing/node_modules/wd/lib/promise-webdriver.js:52:11\n    at _fulfilled (node_modules/wd/node_modules/q/q.js:834:54)\n    at self.promiseDispatch.done (node_modules/wd/node_modules/q/q.js:863:30)\n    at Promise.promise.promiseDispatch (node_modules/wd/node_modules/q/q.js:796:13)\n    at /Users/ngoc.le/appium-testing/node_modules/wd/node_modules/q/q.js:604:44\n    at runSingle (node_modules/wd/node_modules/q/q.js:137:13)\n    at flush (node_modules/wd/node_modules/q/q.js:125:13)\n    at _combinedTickCallback (internal/process/next_tick.js:131:7)\n    at process._tickCallback (internal/process/next_tick.js:180:9)"
            },
            "isRoot": false,
            "uuid": "f38cb5bf-b71b-4353-a213-6f4149a1e98a",
            "isHook": false,
            "skipped": false
          }
        ],
        "suites": [],
        "passes": [],
        "failures": [
          "f38cb5bf-b71b-4353-a213-6f4149a1e98a"
        ],
        "pending": [],
        "skipped": [],
        "duration": 7094,
        "root": false,
        "rootEmpty": false,
        "_timeout": 300000
      },
      {
        "uuid": "1d2e0a5e-7dc8-4dac-8891-510d12e2753e",
        "title": "Wishlist",
        "fullFile": "/Users/ngoc.le/appium-testing/ios/005-wishlist-ios.js",
        "file": "/ios/005-wishlist-ios.js",
        "beforeHooks": [
          {
            "title": "\"before all\" hook",
            "fullTitle": "Wishlist \"before all\" hook",
            "timedOut": false,
            "duration": 1,
            "pass": false,
            "fail": false,
            "pending": false,
            "code": "driver = wd.promiseChainRemote(opts);\nrequire(\"../logging\").configure(driver);",
            "err": {},
            "isRoot": false,
            "uuid": "e2afad92-db55-40b9-a2fb-dcbebe90ea6c",
            "isHook": true,
            "skipped": false
          },
          {
            "title": "\"before each\" hook",
            "fullTitle": "Wishlist \"before each\" hook",
            "timedOut": false,
            "duration": 13748,
            "pass": false,
            "fail": false,
            "pending": false,
            "code": "return driver.init(desired);",
            "err": {},
            "isRoot": false,
            "uuid": "1466a147-fc77-4584-baf7-b3ce37a27141",
            "isHook": true,
            "skipped": false
          }
        ],
        "afterHooks": [
          {
            "title": "\"after all\" hook",
            "fullTitle": "Wishlist \"after all\" hook",
            "timedOut": false,
            "duration": 0,
            "pass": false,
            "fail": false,
            "pending": false,
            "code": "if (!allPassed) {\n    console.log(\"all tests passed\");\n}",
            "err": {},
            "isRoot": false,
            "uuid": "6ddf442c-5780-4476-b8d7-94e71dff34c0",
            "isHook": true,
            "skipped": false
          },
          {
            "title": "\"after each\" hook",
            "fullTitle": "Wishlist \"after each\" hook",
            "timedOut": false,
            "duration": 1250,
            "pass": false,
            "fail": false,
            "pending": false,
            "code": "allPassed = allPassed && this.currentTest.state === 'passed';\nreturn driver.quit();",
            "err": {},
            "isRoot": false,
            "uuid": "bb01338c-baf4-4dfd-8c0d-266c5254852e",
            "isHook": true,
            "skipped": false
          }
        ],
        "tests": [
          {
            "title": "Ajouter ou enlever un produit dans my wish list",
            "fullTitle": "Wishlist Ajouter ou enlever un produit dans my wish list",
            "timedOut": false,
            "duration": 10091,
            "state": "failed",
            "pass": false,
            "fail": true,
            "pending": false,
            "code": "driver\n    .hasElementByAccessibilityId('I UNDERSTOOD')\n    .then(function (exist) {\n        if (exist) {\n            return driver.waitForElementByAccessibilityId('I UNDERSTOOD', 5000)\n                .should.eventually.exist\n                .elementByAccessibilityId('Later')\n                .should.eventually.exist\n                .click()\n        }\n        else\n            return driver;\n    })\n    .hasElementByAccessibilityId('Allow')\n    .then(function (exist) {\n        if (exist) {\n            return driver.waitForElementByAccessibilityId('Allow', 5000)\n                .should.eventually.exist\n                .elementByAccessibilityId('Don’t Allow')\n                .should.eventually.exist\n                .click();\n        }\n        else\n            return driver;\n    })\n    .waitForElementByXPath(\"//XCUIElementTypeApplication[@name=\\\"Vestiaire\\\"]/XCUIElementTypeWindow[1]/XCUIElementTypeOther/XCUIElementTypeOther/XCUIElementTypeOther/XCUIElementTypeOther/XCUIElementTypeOther/XCUIElementTypeOther/XCUIElementTypeOther/XCUIElementTypeCollectionView/XCUIElementTypeCell[1]/XCUIElementTypeOther/XCUIElementTypeOther\", 5000)\n    .should.eventually.exist\n    .click()\n    .sleep(500)\n    .swipe({\n        startX: 100,\n        startY: 600,\n        endX: 200,\n        endY: 200,\n        duration: 1000\n    })\n    .hasElementByAccessibilityId(\"Wishlist\")\n    .then(function (exist) {\n        if (exist) {\n            return driver.elementByAccessibilityId(\"Wishlist\")\n                .should.eventually.exist\n                .click()\n                .waitForElementByAccessibilityId(\"bar_notif_confirm\", 500)\n                .should.eventually.exist\n                .elementByAccessibilityId(\"This item has been added your Wish List\")\n                .should.eventually.exist;\n        }\n        else\n            return driver.elementByAccessibilityId(\"Saved in your wishlist\")\n                .should.eventually.exist\n                .click()\n                .waitForElementByAccessibilityId(\"This item has been removed from your Wish List\", 500)\n                .should.eventually.exist;\n    })\n    .nodeify(done);",
            "err": {
              "message": "Error: [waitForElementByXPath(\"//XCUIElementTypeApplication[@name=\\\"Vestiaire\\\"]/XCUIElementTypeWindow[1]/XCUIElementTypeOther/XCUIElementTypeOther/XCUIElementTypeOther/XCUIElementTypeOther/XCUIElementTypeOther/XCUIElementTypeOther/XCUIElementTypeOther/XCUIElementTypeCollectionView/XCUIElementTypeCell[1]/XCUIElementTypeOther/XCUIElementTypeOther\",5000)] Element condition wasn't satisfied!",
              "estack": "Error: [waitForElementByXPath(\"//XCUIElementTypeApplication[@name=\\\"Vestiaire\\\"]/XCUIElementTypeWindow[1]/XCUIElementTypeOther/XCUIElementTypeOther/XCUIElementTypeOther/XCUIElementTypeOther/XCUIElementTypeOther/XCUIElementTypeOther/XCUIElementTypeOther/XCUIElementTypeCollectionView/XCUIElementTypeCell[1]/XCUIElementTypeOther/XCUIElementTypeOther\",5000)] Element condition wasn't satisfied!\n    at /Users/ngoc.le/appium-testing/node_modules/wd/lib/commands.js:981:12\n    at /Users/ngoc.le/appium-testing/node_modules/wd/lib/commands.js:886:11\n    at /Users/ngoc.le/appium-testing/node_modules/wd/lib/commands.js:968:13\n    at /Users/ngoc.le/appium-testing/node_modules/async/dist/async.js:3679:13\n    at /Users/ngoc.le/appium-testing/node_modules/async/dist/async.js:486:20\n    at replenish (node_modules/async/dist/async.js:879:29)\n    at /Users/ngoc.le/appium-testing/node_modules/async/dist/async.js:888:13\n    at eachOfLimit (node_modules/async/dist/async.js:915:26)\n    at /Users/ngoc.le/appium-testing/node_modules/async/dist/async.js:920:20\n    at _parallel (node_modules/async/dist/async.js:3670:9)\n    at Object.series (node_modules/async/dist/async.js:4496:7)\n    at /Users/ngoc.le/appium-testing/node_modules/wd/lib/commands.js:966:15\n    at /Users/ngoc.le/appium-testing/node_modules/wd/lib/promise-webdriver.js:52:11\n    at _fulfilled (node_modules/wd/node_modules/q/q.js:834:54)\n    at self.promiseDispatch.done (node_modules/wd/node_modules/q/q.js:863:30)\n    at Promise.promise.promiseDispatch (node_modules/wd/node_modules/q/q.js:796:13)\n    at /Users/ngoc.le/appium-testing/node_modules/wd/node_modules/q/q.js:604:44\n    at runSingle (node_modules/wd/node_modules/q/q.js:137:13)\n    at flush (node_modules/wd/node_modules/q/q.js:125:13)\n    at _combinedTickCallback (internal/process/next_tick.js:131:7)\n    at process._tickCallback (internal/process/next_tick.js:180:9)"
            },
            "isRoot": false,
            "uuid": "b24cfb67-cd54-4f59-9461-697038f05838",
            "isHook": false,
            "skipped": false
          }
        ],
        "suites": [],
        "passes": [],
        "failures": [
          "b24cfb67-cd54-4f59-9461-697038f05838"
        ],
        "pending": [],
        "skipped": [],
        "duration": 10091,
        "root": false,
        "rootEmpty": false,
        "_timeout": 300000
      },
      {
        "uuid": "5ddb3c49-4f0e-49e0-9b16-6269a5d4e483",
        "title": "Contenus édito / Commentaire",
        "fullFile": "/Users/ngoc.le/appium-testing/ios/006-editorialContent-ios.js",
        "file": "/ios/006-editorialContent-ios.js",
        "beforeHooks": [
          {
            "title": "\"before all\" hook",
            "fullTitle": "Contenus édito / Commentaire \"before all\" hook",
            "timedOut": false,
            "duration": 1,
            "pass": false,
            "fail": false,
            "pending": false,
            "code": "driver = wd.promiseChainRemote(opts);\nrequire(\"../logging\").configure(driver);",
            "err": {},
            "isRoot": false,
            "uuid": "07c4ad74-b2c1-4397-98ff-f56274ca8e1b",
            "isHook": true,
            "skipped": false
          },
          {
            "title": "\"before each\" hook",
            "fullTitle": "Contenus édito / Commentaire \"before each\" hook",
            "timedOut": false,
            "duration": 0,
            "pass": false,
            "fail": false,
            "pending": false,
            "code": "return driver.init(desired);",
            "err": {},
            "isRoot": false,
            "uuid": "b74ddc59-919c-4a94-8f8d-38215d8c541c",
            "isHook": true,
            "skipped": false
          }
        ],
        "afterHooks": [
          {
            "title": "\"after all\" hook",
            "fullTitle": "Contenus édito / Commentaire \"after all\" hook",
            "timedOut": false,
            "duration": 0,
            "pass": false,
            "fail": false,
            "pending": false,
            "code": "if (!allPassed) {\n    console.log(\"all tests passed\");\n}",
            "err": {},
            "isRoot": false,
            "uuid": "39344eea-621b-411f-803a-6b0a2099cb83",
            "isHook": true,
            "skipped": false
          },
          {
            "title": "\"after each\" hook",
            "fullTitle": "Contenus édito / Commentaire \"after each\" hook",
            "timedOut": false,
            "duration": 0,
            "pass": false,
            "fail": false,
            "pending": false,
            "code": "allPassed = allPassed && this.currentTest.state === 'passed';\nreturn driver.quit();",
            "err": {},
            "isRoot": false,
            "uuid": "afd977a1-1399-4873-b07a-c9a2f1aa332f",
            "isHook": true,
            "skipped": false
          }
        ],
        "tests": [
          {
            "title": "Vérifier que l'on peut cliquer sur les contenus édito",
            "fullTitle": "Contenus édito / Commentaire Vérifier que l'on peut cliquer sur les contenus édito",
            "timedOut": false,
            "duration": 0,
            "pass": false,
            "fail": false,
            "pending": true,
            "code": "",
            "err": {},
            "isRoot": false,
            "uuid": "2f5093ea-3588-448f-a8cc-e0e1ed7edf2a",
            "isHook": false,
            "skipped": false
          }
        ],
        "suites": [],
        "passes": [],
        "failures": [],
        "pending": [
          "2f5093ea-3588-448f-a8cc-e0e1ed7edf2a"
        ],
        "skipped": [],
        "duration": null,
        "root": false,
        "rootEmpty": false,
        "_timeout": 300000
      },
      {
        "uuid": "a975d0ae-fb1f-4a2a-abfb-95d180544378",
        "title": "Contenus édito / Commentaire",
        "fullFile": "/Users/ngoc.le/appium-testing/ios/007-produitpage-commentaire-ios.js",
        "file": "/ios/007-produitpage-commentaire-ios.js",
        "beforeHooks": [
          {
            "title": "\"before all\" hook",
            "fullTitle": "Contenus édito / Commentaire \"before all\" hook",
            "timedOut": false,
            "duration": 0,
            "pass": false,
            "fail": false,
            "pending": false,
            "code": "driver = wd.promiseChainRemote(opts);\nrequire(\"../logging\").configure(driver);",
            "err": {},
            "isRoot": false,
            "uuid": "f51f4f29-9123-4901-a95f-fc776760384b",
            "isHook": true,
            "skipped": false
          },
          {
            "title": "\"before each\" hook",
            "fullTitle": "Contenus édito / Commentaire \"before each\" hook",
            "timedOut": false,
            "duration": 14106,
            "pass": false,
            "fail": false,
            "pending": false,
            "code": "return driver.init(desired);",
            "err": {},
            "isRoot": false,
            "uuid": "e1240b08-552c-40e2-9802-bee9c5595f52",
            "isHook": true,
            "skipped": false
          }
        ],
        "afterHooks": [
          {
            "title": "\"after all\" hook",
            "fullTitle": "Contenus édito / Commentaire \"after all\" hook",
            "timedOut": false,
            "duration": 1,
            "pass": false,
            "fail": false,
            "pending": false,
            "code": "if (!allPassed) {\n    console.log(\"all tests passed\");\n}",
            "err": {},
            "isRoot": false,
            "uuid": "1435a031-5689-45a5-9287-8b5f255cf82b",
            "isHook": true,
            "skipped": false
          },
          {
            "title": "\"after each\" hook",
            "fullTitle": "Contenus édito / Commentaire \"after each\" hook",
            "timedOut": false,
            "duration": 1099,
            "pass": false,
            "fail": false,
            "pending": false,
            "code": "allPassed = allPassed && this.currentTest.state === 'passed';\nreturn driver.quit();",
            "err": {},
            "isRoot": false,
            "uuid": "336190f8-d89e-4e96-8ee0-d55f8f705eca",
            "isHook": true,
            "skipped": false
          }
        ],
        "tests": [
          {
            "title": "Vérifier que l'on peut écrire les commentaires",
            "fullTitle": "Contenus édito / Commentaire Vérifier que l'on peut écrire les commentaires",
            "timedOut": false,
            "duration": 89247,
            "state": "passed",
            "speed": "slow",
            "pass": true,
            "fail": false,
            "pending": false,
            "code": "_shared.methods.searchTestProd(driver, '6009688')\n    .then(function () {\n        return _shared.methods.swipeBottomUpAndCheckIfElementExist(driver, \"WRITE A COMMENT\", \"AccessibilityId\");\n    })\n    .should.eventually.exist\n    .click()\n    .waitForElementByXPath('//XCUIElementTypeOther[@name=\"Chat\"]', 5000)\n    .should.eventually.exist\n    .elementByXPath('//XCUIElementTypeApplication[@name=\"Vestiaire\"]/XCUIElementTypeWindow[2]/XCUIElementTypeOther/XCUIElementTypeOther/XCUIElementTypeOther[1]/XCUIElementTypeTextView')\n    .should.eventually.exist\n    .sendKeys(\"test\")\n    .elementByAccessibilityId(\"Send\")\n    .should.eventually.exist\n    .click()\n    .waitForElementByAccessibilityId(\"Close\",5000)\n    .should.eventually.exist\n    .click()\n    .waitForElementByAccessibilityId(\"WRITE A COMMENT\", 5000)\n    .should.eventually.exist\n    .nodeify(done);",
            "err": {},
            "isRoot": false,
            "uuid": "bf8f6206-64a8-4044-b716-078d964e5981",
            "isHook": false,
            "skipped": false
          }
        ],
        "suites": [],
        "passes": [
          "bf8f6206-64a8-4044-b716-078d964e5981"
        ],
        "failures": [],
        "pending": [],
        "skipped": [],
        "duration": 89247,
        "root": false,
        "rootEmpty": false,
        "_timeout": 300000
      },
      {
        "uuid": "208ad932-2775-4a25-991f-1d37d2ba8f6e",
        "title": "Dépôt un article",
        "fullFile": "/Users/ngoc.le/appium-testing/ios/008-vendeur-depot-ios.js",
        "file": "/ios/008-vendeur-depot-ios.js",
        "beforeHooks": [
          {
            "title": "\"before all\" hook",
            "fullTitle": "Dépôt un article \"before all\" hook",
            "timedOut": false,
            "duration": 0,
            "pass": false,
            "fail": false,
            "pending": false,
            "code": "driver = wd.promiseChainRemote(opts);\nrequire(\"../logging\").configure(driver);",
            "err": {},
            "isRoot": false,
            "uuid": "bf9b3838-63a3-4a65-bce0-f2e64a752306",
            "isHook": true,
            "skipped": false
          },
          {
            "title": "\"before each\" hook",
            "fullTitle": "Dépôt un article \"before each\" hook",
            "timedOut": false,
            "duration": 12667,
            "pass": false,
            "fail": false,
            "pending": false,
            "code": "return driver.init(desired);",
            "err": {},
            "isRoot": false,
            "uuid": "0d2a2f51-7a51-4154-b4da-121044685c60",
            "isHook": true,
            "skipped": false
          }
        ],
        "afterHooks": [
          {
            "title": "\"after all\" hook",
            "fullTitle": "Dépôt un article \"after all\" hook",
            "timedOut": false,
            "duration": 0,
            "pass": false,
            "fail": false,
            "pending": false,
            "code": "if (!allPassed) {\n    console.log(\"all tests passed\");\n}",
            "err": {},
            "isRoot": false,
            "uuid": "ea435920-60f0-41f4-9879-5d409d4245d4",
            "isHook": true,
            "skipped": false
          },
          {
            "title": "\"after each\" hook",
            "fullTitle": "Dépôt un article \"after each\" hook",
            "timedOut": false,
            "duration": 1104,
            "pass": false,
            "fail": false,
            "pending": false,
            "code": "allPassed = allPassed && this.currentTest.state === 'passed';\nreturn driver.quit();",
            "err": {},
            "isRoot": false,
            "uuid": "deb1530a-42fc-4132-9498-60b11831a543",
            "isHook": true,
            "skipped": false
          }
        ],
        "tests": [
          {
            "title": "Dépôt un article / Information",
            "fullTitle": "Dépôt un article Dépôt un article / Information",
            "timedOut": false,
            "duration": 72844,
            "state": "failed",
            "pass": false,
            "fail": true,
            "pending": false,
            "code": "driver.sleep(5000)\n    .hasElementByAccessibilityId('I UNDERSTOOD')\n    .then(function (exist) {\n        if (exist) {\n            return driver.waitForElementByAccessibilityId('I UNDERSTOOD', 5000)\n                .should.eventually.exist\n                .elementByAccessibilityId('Later')\n                .should.eventually.exist\n                .click()\n        }\n        else\n            return driver;\n    })\n    .hasElementByAccessibilityId('Allow')\n    .then(function (exist) {\n        if (exist) {\n            return driver.waitForElementByAccessibilityId('Allow', 5000)\n                .should.eventually.exist\n                .elementByAccessibilityId('Don’t Allow')\n                .should.eventually.exist\n                .click();\n        }\n        else\n            return driver;\n    })\n    .waitForElementByAccessibilityId(\"Sell\", 5000)\n    .should.eventually.exist\n    .click()\n    .waitForElementByXPath('//XCUIElementTypeOther[@name=\\\"Sell\\\"]', 5000)\n    .should.eventually.exist\n    .elementByAccessibilityId(\"btn-sell\")\n    .should.eventually.exist\n    .elementByAccessibilityId('Resale Calculator')\n    .should.eventually.exist\n    .elementByAccessibilityId('Calculate the potential resale value of your pre-loved items with our easy to use Resale Calculator.')\n    .should.eventually.exist\n    .elementByXPath('(//XCUIElementTypeImage[@name=\"arrow-right\"])[1]')\n    .should.eventually.exist\n    .elementByXPath('//XCUIElementTypeApplication[@name=\"Vestiaire\"]/XCUIElementTypeWindow[1]/XCUIElementTypeOther/XCUIElementTypeOther/XCUIElementTypeOther/XCUIElementTypeOther/XCUIElementTypeOther/XCUIElementTypeOther/XCUIElementTypeOther/XCUIElementTypeTable/XCUIElementTypeCell[2]')\n    .should.eventually.exist\n    .click()\n    .waitForElementByAccessibilityId('Information', 5000)\n    .should.eventually.exist\n    .click()\n    .waitForElementByXPath('(//XCUIElementTypeStaticText[@name=\"Sub-category\"])[1]', 5000)\n    .click()\n    .waitForElementByAccessibilityId('Handbags', 5000)\n    .should.eventually.exist\n    .click()\n    .waitForElementByXPath('(//XCUIElementTypeStaticText[@name=\"Material\"])[1]', 5000)\n    .should.eventually.exist\n    .click()\n    .waitForElementByAccessibilityId('Cotton', 5000)\n    .should.eventually.exist\n    .click()\n    .waitForElementByXPath('(//XCUIElementTypeStaticText[@name=\"How do I know what the primary material of the item is?\"])[2]', 5000)\n    .should.eventually.exist\n    .elementByAccessibilityId('OK', 5000)\n    .should.eventually.exist\n    .click()\n    .waitForElementByXPath('(//XCUIElementTypeStaticText[@name=\"Colour\"])[1]', 5000)\n    .should.eventually.exist\n    .click()\n    .waitForElementByXPath('//XCUIElementTypeStaticText[@name=\"Anthracite\"]', 5000)\n    .should.eventually.exist\n    .click()\n    .waitForElementByXPath('(//XCUIElementTypeStaticText[@name=\"Printed\"])[1]', 5000)\n    .should.eventually.exist\n    .click()\n    .waitForElementByAccessibilityId('Leopard', 5000)\n    .should.eventually.exist\n    .click()\n    .waitForElementByAccessibilityId('CONFIRM THIS STEP', 5000)\n    .isEnabled()\n    .should.eventually.be.true\n    .elementByAccessibilityId('back')\n    .should.eventually.exist\n    .click()\n    .waitForElementByAccessibilityId('2', 5000)\n    .should.eventually.exist\n    .nodeify(done);",
            "err": {
              "message": "Error: [waitForElementByAccessibilityId(\"CONFIRM THIS STEP\",5000)] Element condition wasn't satisfied!",
              "estack": "Error: [waitForElementByAccessibilityId(\"CONFIRM THIS STEP\",5000)] Element condition wasn't satisfied!\n    at /Users/ngoc.le/appium-testing/node_modules/wd/lib/commands.js:981:12\n    at /Users/ngoc.le/appium-testing/node_modules/wd/lib/commands.js:886:11\n    at /Users/ngoc.le/appium-testing/node_modules/wd/lib/commands.js:968:13\n    at /Users/ngoc.le/appium-testing/node_modules/async/dist/async.js:3679:13\n    at /Users/ngoc.le/appium-testing/node_modules/async/dist/async.js:486:20\n    at replenish (node_modules/async/dist/async.js:879:29)\n    at /Users/ngoc.le/appium-testing/node_modules/async/dist/async.js:888:13\n    at eachOfLimit (node_modules/async/dist/async.js:915:26)\n    at /Users/ngoc.le/appium-testing/node_modules/async/dist/async.js:920:20\n    at _parallel (node_modules/async/dist/async.js:3670:9)\n    at Object.series (node_modules/async/dist/async.js:4496:7)\n    at /Users/ngoc.le/appium-testing/node_modules/wd/lib/commands.js:966:15\n    at /Users/ngoc.le/appium-testing/node_modules/wd/lib/promise-webdriver.js:52:11\n    at _fulfilled (node_modules/wd/node_modules/q/q.js:834:54)\n    at self.promiseDispatch.done (node_modules/wd/node_modules/q/q.js:863:30)\n    at Promise.promise.promiseDispatch (node_modules/wd/node_modules/q/q.js:796:13)\n    at /Users/ngoc.le/appium-testing/node_modules/wd/node_modules/q/q.js:604:44\n    at runSingle (node_modules/wd/node_modules/q/q.js:137:13)\n    at flush (node_modules/wd/node_modules/q/q.js:125:13)\n    at _combinedTickCallback (internal/process/next_tick.js:131:7)\n    at process._tickCallback (internal/process/next_tick.js:180:9)"
            },
            "isRoot": false,
            "uuid": "3a8b9ab2-03fa-44f2-bb18-450d49b49d48",
            "isHook": false,
            "skipped": false
          },
          {
            "title": "Dépôt un article / Photos",
            "fullTitle": "Dépôt un article Dépôt un article / Photos",
            "timedOut": false,
            "duration": 54348,
            "state": "passed",
            "speed": "slow",
            "pass": true,
            "fail": false,
            "pending": false,
            "code": "driver.sleep(5000)\n    .hasElementByAccessibilityId('I UNDERSTOOD')\n    .then(function (exist) {\n        if (exist) {\n            return driver.waitForElementByAccessibilityId('I UNDERSTOOD', 5000)\n                .should.eventually.exist\n                .elementByAccessibilityId('Later')\n                .should.eventually.exist\n                .click()\n        }\n        else\n            return driver;\n    })\n    .hasElementByAccessibilityId('Allow')\n    .then(function (exist) {\n        if (exist) {\n            return driver.waitForElementByAccessibilityId('Allow', 5000)\n                .should.eventually.exist\n                .elementByAccessibilityId('Don’t Allow')\n                .should.eventually.exist\n                .click();\n        }\n        else\n            return driver;\n    })\n    .waitForElementByAccessibilityId(\"Sell\", 5000)\n    .should.eventually.exist\n    .click()\n    .waitForElementByXPath('//XCUIElementTypeOther[@name=\\\"Sell\\\"]', 5000)\n    .should.eventually.exist\n    .elementByAccessibilityId(\"btn-sell\")\n    .should.eventually.exist\n    .elementByAccessibilityId('Resale Calculator')\n    .should.eventually.exist\n    .elementByAccessibilityId('Calculate the potential resale value of your pre-loved items with our easy to use Resale Calculator.')\n    .should.eventually.exist\n    .elementByXPath('(//XCUIElementTypeImage[@name=\"arrow-right\"])[1]')\n    .should.eventually.exist\n    .elementByXPath('//XCUIElementTypeApplication[@name=\"Vestiaire\"]/XCUIElementTypeWindow[1]/XCUIElementTypeOther/XCUIElementTypeOther/XCUIElementTypeOther/XCUIElementTypeOther/XCUIElementTypeOther/XCUIElementTypeOther/XCUIElementTypeOther/XCUIElementTypeTable/XCUIElementTypeCell[2]')\n    .should.eventually.exist\n    .click()\n    .waitForElementByAccessibilityId('Photos', 5000)\n    .should.eventually.exist\n    .click()\n    .waitForElementByAccessibilityId('Main photo', 5000)\n    .should.eventually.exist\n    // .elementByXPath('(//XCUIElementTypeImage[@name=\"add_more_photo\"])[1]')\n    // .should.eventually.exist\n    .elementByAccessibilityId('Main photo')\n    .click()\n    .waitForElementByAccessibilityId('Camera', 5000)\n    .isEnabled()\n    .should.eventually.be.true\n    .elementByAccessibilityId('Library')\n    .isEnabled()\n    .should.eventually.be.true\n    .elementByAccessibilityId('Cancel')\n    .should.eventually.exist\n    .click()\n    .waitForElementByAccessibilityId('2nd photo', 5000)\n    .should.eventually.exist\n    // .elementByXPath('(//XCUIElementTypeImage[@name=\"add_more_photo\"])[1]')\n    // .should.eventually.exist\n    .click()\n    .waitForElementByAccessibilityId('Camera', 5000)\n    .isEnabled()\n    .should.eventually.be.true\n    .elementByAccessibilityId('Library')\n    .isEnabled()\n    .should.eventually.be.true\n    .elementByAccessibilityId('Cancel')\n    .should.eventually.exist\n    .click()\n    .waitForElementByXPath('//XCUIElementTypeStaticText[@name=\"3rd photo (optional)\"]', 5000)\n    .should.eventually.exist\n    .elementByXPath('//XCUIElementTypeStaticText[@name=\"4th photo (optional)\"]')\n    .should.eventually.exist\n    .elementByXPath('//XCUIElementTypeStaticText[@name=\"5th photo (optional)\"]')\n    .should.eventually.exist\n    .swipe({\n        startX: 100,\n        startY: 300,\n        endX: 100,\n        endY: 100,\n        duration: 800\n    })\n    .elementByXPath('//XCUIElementTypeOther[@name=\"More photos (optional) You can add one, two, three or more photos...\"]')\n    .should.eventually.exist\n    .elementByXPath('//XCUIElementTypeApplication[@name=\"Vestiaire\"]/XCUIElementTypeWindow[1]/XCUIElementTypeOther/XCUIElementTypeOther/XCUIElementTypeOther/XCUIElementTypeOther/XCUIElementTypeOther/XCUIElementTypeOther/XCUIElementTypeOther/XCUIElementTypeTable/XCUIElementTypeCell[6]/XCUIElementTypeCollectionView/XCUIElementTypeCell/XCUIElementTypeOther/XCUIElementTypeButton')\n    .should.eventually.exist\n    .click()\n    .waitForElementByAccessibilityId('Camera', 5000)\n    .isEnabled()\n    .should.eventually.be.true\n    .elementByAccessibilityId('Library')\n    .isEnabled()\n    .should.eventually.be.true\n    .elementByAccessibilityId('Cancel')\n    .should.eventually.exist\n    .click()\n    .waitForElementByAccessibilityId('OK', 5000)\n    .should.eventually.exist\n    .click()\n    .waitForElementByAccessibilityId('Description', 5000)\n    .should.eventually.exist\n    .nodeify(done);",
            "err": {},
            "isRoot": false,
            "uuid": "af4acf18-68e2-49d9-b0d3-9d02b51e6fe8",
            "isHook": false,
            "skipped": false
          },
          {
            "title": "Dépôt un article / Description",
            "fullTitle": "Dépôt un article Dépôt un article / Description",
            "timedOut": false,
            "duration": 39844,
            "state": "passed",
            "speed": "slow",
            "pass": true,
            "fail": false,
            "pending": false,
            "code": "driver.sleep(5000)\n    .hasElementByAccessibilityId('I UNDERSTOOD')\n    .then(function (exist) {\n        if (exist) {\n            return driver.waitForElementByAccessibilityId('I UNDERSTOOD', 5000)\n                .should.eventually.exist\n                .elementByAccessibilityId('Later')\n                .should.eventually.exist\n                .click()\n        }\n        else\n            return driver;\n    })\n    .hasElementByAccessibilityId('Allow')\n    .then(function (exist) {\n        if (exist) {\n            return driver.waitForElementByAccessibilityId('Allow', 5000)\n                .should.eventually.exist\n                .elementByAccessibilityId('Don’t Allow')\n                .should.eventually.exist\n                .click();\n        }\n        else\n            return driver;\n    })\n    .waitForElementByAccessibilityId(\"Sell\", 5000)\n    .should.eventually.exist\n    .click()\n    .waitForElementByXPath('//XCUIElementTypeOther[@name=\\\"Sell\\\"]', 5000)\n    .should.eventually.exist\n    .elementByAccessibilityId(\"btn-sell\")\n    .should.eventually.exist\n    .elementByAccessibilityId('Resale Calculator')\n    .should.eventually.exist\n    .elementByAccessibilityId('Calculate the potential resale value of your pre-loved items with our easy to use Resale Calculator.')\n    .should.eventually.exist\n    .elementByXPath('//XCUIElementTypeApplication[@name=\"Vestiaire\"]/XCUIElementTypeWindow[1]/XCUIElementTypeOther/XCUIElementTypeOther/XCUIElementTypeOther/XCUIElementTypeOther/XCUIElementTypeOther/XCUIElementTypeOther/XCUIElementTypeOther/XCUIElementTypeTable/XCUIElementTypeCell[2]')\n    .should.eventually.exist\n    .click()\n    .waitForElementByAccessibilityId('Description', 5000)\n    .should.eventually.exist\n    .click()\n    .waitForElementByXPath('(//XCUIElementTypeStaticText[@name=\"Measurements\"])[1]', 5000)\n    .should.eventually.exist\n    .click()\n    .waitForElementByAccessibilityId('Unit', 5000)\n    .should.eventually.exist\n    .elementByAccessibilityId('Height', 5000)\n    .should.eventually.exist\n    .elementByXPath('//XCUIElementTypeApplication[@name=\"Vestiaire\"]/XCUIElementTypeWindow[1]/XCUIElementTypeOther[2]/XCUIElementTypeOther/XCUIElementTypeOther/XCUIElementTypeOther/XCUIElementTypeOther/XCUIElementTypeTable/XCUIElementTypeCell[2]/XCUIElementTypeTextField')\n    .should.eventually.exist\n    .sendKeys('20')\n    .elementByAccessibilityId('Width')\n    .should.eventually.exist\n    .sendKeys('30')\n    .elementByXPath('//XCUIElementTypeApplication[@name=\"Vestiaire\"]/XCUIElementTypeWindow[1]/XCUIElementTypeOther[2]/XCUIElementTypeOther/XCUIElementTypeOther/XCUIElementTypeOther/XCUIElementTypeOther/XCUIElementTypeTable/XCUIElementTypeCell[3]/XCUIElementTypeTextField')\n    .should.eventually.exist\n    .elementByAccessibilityId('Depth')\n    .should.eventually.exist\n    .sendKeys('40')\n    .elementByXPath('//XCUIElementTypeApplication[@name=\"Vestiaire\"]/XCUIElementTypeWindow[1]/XCUIElementTypeOther[2]/XCUIElementTypeOther/XCUIElementTypeOther/XCUIElementTypeOther/XCUIElementTypeOther/XCUIElementTypeTable/XCUIElementTypeCell[4]/XCUIElementTypeTextField')\n    .should.eventually.exist\n    .click()/// Khong the click duoc vao nut OK\n    .nodeify(done);",
            "err": {},
            "isRoot": false,
            "uuid": "65f6af9e-c5ef-44f1-8425-b99e699443ce",
            "isHook": false,
            "skipped": false
          },
          {
            "title": "Dépôt un article / Condition & price",
            "fullTitle": "Dépôt un article Dépôt un article / Condition & price",
            "timedOut": false,
            "duration": 49650,
            "state": "passed",
            "speed": "slow",
            "pass": true,
            "fail": false,
            "pending": false,
            "code": "driver.sleep(5000)\n    .hasElementByAccessibilityId('I UNDERSTOOD')\n    .then(function (exist) {\n        if (exist) {\n            return driver.waitForElementByAccessibilityId('I UNDERSTOOD', 5000)\n                .should.eventually.exist\n                .elementByAccessibilityId('Later')\n                .should.eventually.exist\n                .click()\n        }\n        else\n            return driver;\n    })\n    .hasElementByAccessibilityId('Allow')\n    .then(function (exist) {\n        if (exist) {\n            return driver.waitForElementByAccessibilityId('Allow', 5000)\n                .should.eventually.exist\n                .elementByAccessibilityId('Don’t Allow')\n                .should.eventually.exist\n                .click();\n        }\n        else\n            return driver;\n    })\n    .waitForElementByAccessibilityId(\"Sell\", 5000)\n    .should.eventually.exist\n    .click()\n    .waitForElementByXPath('//XCUIElementTypeOther[@name=\\\"Sell\\\"]', 5000)\n    .should.eventually.exist\n    .elementByAccessibilityId(\"btn-sell\")\n    .should.eventually.exist\n    .elementByAccessibilityId('Resale Calculator')\n    .should.eventually.exist\n    .elementByAccessibilityId('Calculate the potential resale value of your pre-loved items with our easy to use Resale Calculator.')\n    .should.eventually.exist\n    .elementByXPath('//XCUIElementTypeApplication[@name=\"Vestiaire\"]/XCUIElementTypeWindow[1]/XCUIElementTypeOther/XCUIElementTypeOther/XCUIElementTypeOther/XCUIElementTypeOther/XCUIElementTypeOther/XCUIElementTypeOther/XCUIElementTypeOther/XCUIElementTypeTable/XCUIElementTypeCell[2]')\n    .should.eventually.exist\n    .click()\n    .waitForElementByAccessibilityId('Condition & price', 5000)\n    .should.eventually.exist\n    .click()\n    .waitForElementByXPath('(//XCUIElementTypeStaticText[@name=\"Condition\"])[1]', 5000)\n    .should.eventually.exist\n    .click()\n    .waitForElementByAccessibilityId('Very good condition', 5000)\n    .should.eventually.exist\n    .elementByXPath('(//XCUIElementTypeImage[@name=\"arrow-black-down\"])[1]')\n    .should.eventually.exist\n    .click()\n    .waitForElementByXPath('(//XCUIElementTypeStaticText[@name=\"Reasons for refusal\"])[1]', 5000)\n    .should.eventually.exist\n    .click()\n    .waitForElementByAccessibilityId('Good condition', 5000)\n    .should.eventually.exist\n    .elementByXPath('(//XCUIElementTypeImage[@name=\"arrow-black-down\"])[2]')\n    .should.eventually.exist\n    .click()\n    .waitForElementByXPath('(//XCUIElementTypeStaticText[@name=\"Reasons for refusal\"])[2]', 5000)\n    .should.eventually.exist\n    .click()\n    .waitForElementByAccessibilityId('Fair condition')\n    .should.eventually.exist\n    .elementByXPath('(//XCUIElementTypeImage[@name=\"arrow-black-down\"])[3]')\n    .should.eventually.exist\n    .click()\n    .waitForElementByXPath('(//XCUIElementTypeStaticText[@name=\"Reasons for refusal\"])[3]', 5000)\n    .should.eventually.exist\n    .click() /// Khong the click duoc vao nut OK\n    .nodeify(done);",
            "err": {},
            "isRoot": false,
            "uuid": "6a016b7c-631d-4afc-849e-8d5ec32900ea",
            "isHook": false,
            "skipped": false
          },
          {
            "title": "Dépôt un article / Seller",
            "fullTitle": "Dépôt un article Dépôt un article / Seller",
            "timedOut": false,
            "duration": 51062,
            "state": "passed",
            "speed": "slow",
            "pass": true,
            "fail": false,
            "pending": false,
            "code": "driver.sleep(5000)\n    .hasElementByAccessibilityId('I UNDERSTOOD')\n    .then(function (exist) {\n        if (exist) {\n            return driver.waitForElementByAccessibilityId('I UNDERSTOOD', 5000)\n                .should.eventually.exist\n                .elementByAccessibilityId('Later')\n                .should.eventually.exist\n                .click()\n        }\n        else\n            return driver;\n    })\n    .hasElementByAccessibilityId('Allow')\n    .then(function (exist) {\n        if (exist) {\n            return driver.waitForElementByAccessibilityId('Allow', 5000)\n                .should.eventually.exist\n                .elementByAccessibilityId('Don’t Allow')\n                .should.eventually.exist\n                .click();\n        }\n        else\n            return driver;\n    })\n    .waitForElementByAccessibilityId(\"Sell\", 5000)\n    .should.eventually.exist\n    .click()\n    .waitForElementByXPath('//XCUIElementTypeOther[@name=\\\"Sell\\\"]', 5000)\n    .should.eventually.exist\n    .elementByAccessibilityId(\"btn-sell\")\n    .should.eventually.exist\n    .elementByAccessibilityId('Resale Calculator')\n    .should.eventually.exist\n    .elementByAccessibilityId('Calculate the potential resale value of your pre-loved items with our easy to use Resale Calculator.')\n    .should.eventually.exist\n    .elementByXPath('//XCUIElementTypeApplication[@name=\"Vestiaire\"]/XCUIElementTypeWindow[1]/XCUIElementTypeOther/XCUIElementTypeOther/XCUIElementTypeOther/XCUIElementTypeOther/XCUIElementTypeOther/XCUIElementTypeOther/XCUIElementTypeOther/XCUIElementTypeTable/XCUIElementTypeCell[2]')\n    .should.eventually.exist\n    .click()\n    .waitForElementByAccessibilityId('Seller', 5000)\n    .should.eventually.exist\n    .click()\n    .waitForElementByXPath('(//XCUIElementTypeStaticText[@name=\"Shipping Item From\"])[1]', 5000)\n    .should.eventually.exist\n    .elementByXPath('(//XCUIElementTypeStaticText[@name=\"Mobile number\"])[2]')\n    .should.eventually.exist\n    .elementByXPath('(//XCUIElementTypeStaticText[@name=\"Personal Contact Information\"])[2]')\n    .should.eventually.exist\n    .elementByXPath('(//XCUIElementTypeStaticText[@name=\"Payments\"])[1]')\n    .should.eventually.exist\n    .elementByAccessibilityId('CONFIRM THIS STEP')\n    .should.eventually.exist\n    .click()\n    .waitForEl
[...]
            "err": {
              "message": "Error: done() invoked with non-Error: Element not found",
              "estack": "Error: done() invoked with non-Error: Element not found\n    at /Users/ngoc.le/appium-testing/node_modules/wd/node_modules/q/q.js:2031:17\n    at runSingle (node_modules/wd/node_modules/q/q.js:137:13)\n    at flush (node_modules/wd/node_modules/q/q.js:125:13)\n    at _combinedTickCallback (internal/process/next_tick.js:131:7)\n    at process._tickCallback (internal/process/next_tick.js:180:9)"
            },
            "isRoot": false,
            "uuid": "81bd05fb-bcfd-4bcd-b023-f07d6ec10435",
            "isHook": false,
            "skipped": false
          }
        ],
        "suites": [],
        "passes": [],
        "failures": [
          "5ca04491-9b37-47f8-8e3d-6517123d391c",
          "87f2a713-7200-4e03-80df-a3e880138a63",
          "29b92682-200b-4951-b7f6-48a0e0c80248",
          "81bd05fb-bcfd-4bcd-b023-f07d6ec10435"
        ],
        "pending": [],
        "skipped": [],
        "duration": 40029,
        "root": false,
        "rootEmpty": false,
        "_timeout": 300000
      },
      {
        "uuid": "93ce451d-5468-4eff-99fb-315d76a32e4e",
        "title": "Profile - Manage my availability",
        "fullFile": "/Users/ngoc.le/appium-testing/ios/032-profile-managemyavailability-ios.js",
        "file": "/ios/032-profile-managemyavailability-ios.js",
        "beforeHooks": [
          {
            "title": "\"before all\" hook",
            "fullTitle": "Profile - Manage my availability \"before all\" hook",
            "timedOut": false,
            "duration": 0,
            "pass": false,
            "fail": false,
            "pending": false,
            "code": "driver = wd.promiseChainRemote(opts);\nrequire(\"../logging\").configure(driver);",
            "err": {},
            "isRoot": false,
            "uuid": "206e7fc6-97c7-41ad-8aa3-7b54265eb1cb",
            "isHook": true,
            "skipped": false
          },
          {
            "title": "\"before each\" hook",
            "fullTitle": "Profile - Manage my availability \"before each\" hook",
            "timedOut": false,
            "duration": 11583,
            "pass": false,
            "fail": false,
            "pending": false,
            "code": "return driver.init(desired);",
            "err": {},
            "isRoot": false,
            "uuid": "a82be1b6-6561-49a8-9312-24a2ac90a0ba",
            "isHook": true,
            "skipped": false
          }
        ],
        "afterHooks": [
          {
            "title": "\"after all\" hook",
            "fullTitle": "Profile - Manage my availability \"after all\" hook",
            "timedOut": false,
            "duration": 0,
            "pass": false,
            "fail": false,
            "pending": false,
            "code": "if (!allPassed) {\n    console.log(\"all tests passed\");\n}",
            "err": {},
            "isRoot": false,
            "uuid": "33f5c47c-a9d4-4099-8494-077f8efe50ea",
            "isHook": true,
            "skipped": false
          },
          {
            "title": "\"after each\" hook",
            "fullTitle": "Profile - Manage my availability \"after each\" hook",
            "timedOut": false,
            "duration": 1050,
            "pass": false,
            "fail": false,
            "pending": false,
            "code": "allPassed = allPassed && this.currentTest.state === 'passed';\nreturn driver.quit();",
            "err": {},
            "isRoot": false,
            "uuid": "5964f9d5-7c02-473e-a9a1-a0bf4b312bac",
            "isHook": true,
            "skipped": false
          }
        ],
        "tests": [
          {
            "title": "Profile - Manage my availability",
            "fullTitle": "Profile - Manage my availability Profile - Manage my availability",
            "timedOut": false,
            "duration": 34856,
            "state": "passed",
            "speed": "slow",
            "pass": true,
            "fail": false,
            "pending": false,
            "code": "driver.sleep(5000)\n    .hasElementByAccessibilityId('I UNDERSTOOD')\n    .then(function (exist) {\n        if (exist) {\n            return driver.waitForElementByAccessibilityId('I UNDERSTOOD', 5000)\n                .should.eventually.exist\n                .elementByAccessibilityId('Later')\n                .should.eventually.exist\n                .click()\n        }\n        else\n            return driver;\n    })\n    .hasElementByAccessibilityId('Allow')\n    .then(function (exist) {\n        if (exist) {\n            return driver.waitForElementByAccessibilityId('Allow', 5000)\n                .should.eventually.exist\n                .elementByAccessibilityId('Don’t Allow')\n                .should.eventually.exist\n                .click();\n        }\n        else\n            return driver;\n    })\n    .waitForElementByXPath('//XCUIElementTypeButton[@name=\"Me\"]', 5000)\n    .should.eventually.exist\n    .click()\n    .waitForElementByAccessibilityId('Manage my availability', 10000)\n    .should.eventually.exist\n    .click()\n    .waitForElementByXPath('//XCUIElementTypeOther[@name=\"Manage my availability\"]', 5000)\n    .should.eventually.exist\n    .elementByAccessibilityId('Temporarily unavailable')\n    .should.eventually.exist\n    .elementByXPath('//XCUIElementTypeSwitch[starts-with(@name, \"Temporarily unable to ship your sold items?\")]')\n    .should.eventually.exist\n    .click()\n    .waitForElementByAccessibilityId('Start date', 5000)\n    .should.eventually.exist\n    .elementByAccessibilityId('End date')\n    .should.eventually.exist\n    .elementByXPath('//XCUIElementTypeApplication[@name=\"Vestiaire\"]/XCUIElementTypeWindow[1]/XCUIElementTypeOther/XCUIElementTypeOther/XCUIElementTypeOther/XCUIElementTypeOther/XCUIElementTypeOther/XCUIElementTypeOther/XCUIElementTypeOther/XCUIElementTypeOther/XCUIElementTypeOther/XCUIElementTypeOther[1]/XCUIElementTypeOther/XCUIElementTypeTable/XCUIElementTypeCell[2]/XCUIElementTypeTextField[1]')\n    .should.eventually.exist\n    .click()\n    .waitForElementByXPath('//XCUIElementTypeStaticText[@name=\"Start date Select\"]', 5000)\n    .should.eventually.exist\n    .elementByAccessibilityId('OK')\n    .should.eventually.exist\n    .click()\n    .waitForElementByXPath('//XCUIElementTypeApplication[@name=\"Vestiaire\"]/XCUIElementTypeWindow[1]/XCUIElementTypeOther/XCUIElementTypeOther/XCUIElementTypeOther/XCUIElementTypeOther/XCUIElementTypeOther/XCUIElementTypeOther/XCUIElementTypeOther/XCUIElementTypeOther/XCUIElementTypeOther/XCUIElementTypeOther[1]/XCUIElementTypeOther/XCUIElementTypeTable/XCUIElementTypeCell[2]/XCUIElementTypeTextField[2]', 5000)\n    .should.eventually.exist\n    .click()\n    .waitForElementByAccessibilityId('Start date', 5000)\n    .should.eventually.exist\n    .elementByAccessibilityId('OK')\n    .should.eventually.exist\n    .click()\n    .waitForElementByXPath('(//XCUIElementTypeButton[@name=\"Me\"])[1]', 5000)\n    .should.eventually.exist\n    .nodeify(done);",
            "err": {},
            "isRoot": false,
            "uuid": "9ff268f1-8191-4b9b-ae0d-ec443a521447",
            "isHook": false,
            "skipped": false
          }
        ],
        "suites": [],
        "passes": [
          "9ff268f1-8191-4b9b-ae0d-ec443a521447"
        ],
        "failures": [],
        "pending": [],
        "skipped": [],
        "duration": 34856,
        "root": false,
        "rootEmpty": false,
        "_timeout": 300000
      },
      {
        "uuid": "190d427f-ad9b-4dbd-85ea-0a4b5be260b7",
        "title": "Profile - View my profile/Photo",
        "fullFile": "/Users/ngoc.le/appium-testing/ios/033-profile-viewmyprofile-photo-ios.js",
        "file": "/ios/033-profile-viewmyprofile-photo-ios.js",
        "beforeHooks": [
          {
            "title": "\"before all\" hook",
            "fullTitle": "Profile - View my profile/Photo \"before all\" hook",
            "timedOut": false,
            "duration": 1,
            "pass": false,
            "fail": false,
            "pending": false,
            "code": "driver = wd.promiseChainRemote(opts);\nrequire(\"../logging\").configure(driver);",
            "err": {},
            "isRoot": false,
            "uuid": "69824109-81d7-4cce-b36d-fe936ba71cff",
            "isHook": true,
            "skipped": false
          },
          {
            "title": "\"before each\" hook",
            "fullTitle": "Profile - View my profile/Photo \"before each\" hook",
            "timedOut": false,
            "duration": 16948,
            "pass": false,
            "fail": false,
            "pending": false,
            "code": "return driver.init(desired);",
            "err": {},
            "isRoot": false,
            "uuid": "48354f8c-a043-4a46-a74c-165b14eb47d4",
            "isHook": true,
            "skipped": false
          }
        ],
        "afterHooks": [
          {
            "title": "\"after all\" hook",
            "fullTitle": "Profile - View my profile/Photo \"after all\" hook",
            "timedOut": false,
            "duration": 0,
            "pass": false,
            "fail": false,
            "pending": false,
            "code": "if (!allPassed) {\n    console.log(\"all tests passed\");\n}",
            "err": {},
            "isRoot": false,
            "uuid": "1eddbdb1-8cf8-4b59-89b3-09b0c7eea23b",
            "isHook": true,
            "skipped": false
          },
          {
            "title": "\"after each\" hook",
            "fullTitle": "Profile - View my profile/Photo \"after each\" hook",
            "timedOut": false,
            "duration": 1046,
            "pass": false,
            "fail": false,
            "pending": false,
            "code": "allPassed = allPassed && this.currentTest.state === 'passed';\nreturn driver.quit();",
            "err": {},
            "isRoot": false,
            "uuid": "1a263795-9ce7-4940-8874-5d2d496394f6",
            "isHook": true,
            "skipped": false
          }
        ],
        "tests": [
          {
            "title": "Profile - Image profile  ",
            "fullTitle": "Profile - View my profile/Photo Profile - Image profile  ",
            "timedOut": false,
            "duration": 13839,
            "state": "passed",
            "speed": "slow",
            "pass": true,
            "fail": false,
            "pending": false,
            "code": "driver.sleep(5000)\n    .hasElementByAccessibilityId('I UNDERSTOOD')\n    .then(function (exist) {\n        if (exist) {\n            return driver.waitForElementByAccessibilityId('I UNDERSTOOD', 5000)\n                .should.eventually.exist\n                .elementByAccessibilityId('Later')\n                .should.eventually.exist\n                .click()\n        }\n        else\n            return driver;\n    })\n    .hasElementByAccessibilityId('Allow')\n    .then(function (exist) {\n        if (exist) {\n            return driver.waitForElementByAccessibilityId('Allow', 5000)\n                .should.eventually.exist\n                .elementByAccessibilityId('Don’t Allow')\n                .should.eventually.exist\n                .click();\n        }\n        else\n            return driver;\n    })\n    .waitForElementByXPath('//XCUIElementTypeButton[@name=\"Me\"]', 4000)\n    .should.eventually.exist\n    .click()\n    .waitForElementByAccessibilityId('VIEW MY PROFILE', 5000)\n    .should.eventually.exist\n    .click()\n    .waitForElementByAccessibilityId('placeholder_profil-big', 5000)\n    .should.eventually.exist\n    .click()\n    .waitForElementByAccessibilityId('Take a picture', 5000)\n    .isEnabled()\n    .should.eventually.be.true\n    .elementByAccessibilityId('Choose existing')\n    .isEnabled()\n    .should.eventually.be.true\n    .elementByAccessibilityId('Cancel')\n    .should.eventually.exist\n    .click()\n    .waitForElementByAccessibilityId('placeholder_profil-big', 5000)\n    .should.eventually.exist\n    .nodeify(done);",
            "err": {},
            "isRoot": false,
            "uuid": "0a03037f-a0bc-45bd-8c46-73db42584eed",
            "isHook": false,
            "skipped": false
          },
          {
            "title": "Profile - Image cover  ",
            "fullTitle": "Profile - View my profile/Photo Profile - Image cover  ",
            "timedOut": false,
            "duration": 14578,
            "state": "passed",
            "speed": "slow",
            "pass": true,
            "fail": false,
            "pending": false,
            "code": "driver.sleep(5000)\n    .hasElementByAccessibilityId('I UNDERSTOOD')\n    .then(function (exist) {\n        if (exist) {\n            return driver.waitForElementByAccessibilityId('I UNDERSTOOD', 5000)\n                .should.eventually.exist\n                .elementByAccessibilityId('Later')\n                .should.eventually.exist\n                .click()\n        }\n        else\n            return driver;\n    })\n    .hasElementByAccessibilityId('Allow')\n    .then(function (exist) {\n        if (exist) {\n            return driver.waitForElementByAccessibilityId('Allow', 5000)\n                .should.eventually.exist\n                .elementByAccessibilityId('Don’t Allow')\n                .should.eventually.exist\n                .click();\n        }\n        else\n            return driver;\n    })\n    .waitForElementByXPath('//XCUIElementTypeButton[@name=\"Me\"]', 4000)\n    .should.eventually.exist\n    .click()\n    .waitForElementByAccessibilityId('VIEW MY PROFILE', 5000)\n    .should.eventually.exist\n    .click()\n    .waitForElementByAccessibilityId('cover-default', 5000)\n    .should.eventually.exist\n    .click()\n    .waitForElementByAccessibilityId('Take a picture', 5000)\n    .isEnabled()\n    .should.eventually.be.true\n    .elementByAccessibilityId('Choose existing')\n    .isEnabled()\n    .should.eventually.be.true\n    .elementByAccessibilityId('Cancel')\n    .should.eventually.exist\n    .click()\n    .waitForElementByAccessibilityId('placeholder_profil-big', 5000)\n    .nodeify(done);",
            "err": {},
            "isRoot": false,
            "uuid": "66183d85-2b23-4382-b57c-1a0431a9671d",
            "isHook": false,
            "skipped": false
          }
        ],
        "suites": [],
        "passes": [
          "0a03037f-a0bc-45bd-8c46-73db42584eed",
          "66183d85-2b23-4382-b57c-1a0431a9671d"
        ],
        "failures": [],
        "pending": [],
        "skipped": [],
        "duration": 28417,
        "root": false,
        "rootEmpty": false,
        "_timeout": 300000
      },
      {
        "uuid": "c51ac54f-b845-4152-ab56-78e895120b9b",
        "title": "Profile - View my profile",
        "fullFile": "/Users/ngoc.le/appium-testing/ios/034-profile-viewmyprofile-ios.js",
        "file": "/ios/034-profile-viewmyprofile-ios.js",
        "beforeHooks": [
          {
            "title": "\"before all\" hook",
            "fullTitle": "Profile - View my profile \"before all\" hook",
            "timedOut": false,
            "duration": 1,
            "pass": false,
            "fail": false,
            "pending": false,
            "code": "driver = wd.promiseChainRemote(opts);\nrequire(\"../logging\").configure(driver);",
            "err": {},
            "isRoot": false,
            "uuid": "2f503ecd-c1f0-4466-936f-5d4968b9f053",
            "isHook": true,
            "skipped": false
          },
          {
            "title": "\"before each\" hook",
            "fullTitle": "Profile - View my profile \"before each\" hook",
            "timedOut": false,
            "duration": 13469,
            "pass": false,
            "fail": false,
            "pending": false,
            "code": "return driver.init(desired);",
            "err": {},
            "isRoot": false,
            "uuid": "5f544c66-2f44-486f-aa42-f59397ef0ae5",
            "isHook": true,
            "skipped": false
          }
        ],
        "afterHooks": [
          {
            "title": "\"after all\" hook",
            "fullTitle": "Profile - View my profile \"after all\" hook",
            "timedOut": false,
            "duration": 0,
            "pass": false,
            "fail": false,
            "pending": false,
            "code": "if (!allPassed) {\n    console.log(\"all tests passed\");\n}",
            "err": {},
            "isRoot": false,
            "uuid": "efa32228-edc4-4300-9b35-8f281887d3b4",
            "isHook": true,
            "skipped": false
          },
          {
            "title": "\"after each\" hook",
            "fullTitle": "Profile - View my profile \"after each\" hook",
            "timedOut": false,
            "duration": 1108,
            "pass": false,
            "fail": false,
            "pending": false,
            "code": "allPassed = allPassed && this.currentTest.state === 'passed';\nreturn driver.quit();",
            "err": {},
            "isRoot": false,
            "uuid": "eb82620c-0d7b-4229-815c-aef8e350da13",
            "isHook": true,
            "skipped": false
          }
        ],
        "tests": [
          {
            "title": "Profile - Scroll bar",
            "fullTitle": "Profile - View my profile Profile - Scroll bar",
            "timedOut": false,
            "duration": 11838,
            "state": "passed",
            "speed": "slow",
            "pass": true,
            "fail": false,
            "pending": false,
            "code": "driver.sleep(5000)\n    .hasElementByAccessibilityId('I UNDERSTOOD')\n    .then(function (exist) {\n        if (exist) {\n            return driver.waitForElementByAccessibilityId('I UNDERSTOOD', 5000)\n                .should.eventually.exist\n                .elementByAccessibilityId('Later')\n                .should.eventually.exist\n                .click()\n        }\n        else\n            return driver;\n    })\n    .hasElementByAccessibilityId('Allow')\n    .then(function (exist) {\n        if (exist) {\n            return driver.waitForElementByAccessibilityId('Allow', 5000)\n                .should.eventually.exist\n                .elementByAccessibilityId('Don’t Allow')\n                .should.eventually.exist\n                .click();\n        }\n        else\n            return driver;\n    })\n    .waitForElementByXPath('//XCUIElementTypeButton[@name=\"Me\"]', 4000)\n    .should.eventually.exist\n    .click()\n    .waitForElementByAccessibilityId('VIEW MY PROFILE', 5000)\n    .should.eventually.exist\n    .click()\n    .waitForElementByAccessibilityId('map-pin', 5000)\n    .should.eventually.exist\n    .elementByAccessibilityId('followed by')\n    .should.eventually.exist\n    .elementByAccessibilityId('follows')\n    .should.eventually.exist\n    .nodeify(done);",
            "err": {},
            "isRoot": false,
            "uuid": "7777a6a6-3f4d-4e31-8a9a-dfe467e52cc2",
            "isHook": false,
            "skipped": false
          }
        ],
        "suites": [],
        "passes": [
          "7777a6a6-3f4d-4e31-8a9a-dfe467e52cc2"
        ],
        "failures": [],
        "pending": [],
        "skipped": [],
        "duration": 11838,
        "root": false,
        "rootEmpty": false,
        "_timeout": 300000
      }
    ],
    "passes": [],
    "failures": [],
    "pending": [],
    "skipped": [],
    "duration": 0,
    "root": true,
    "rootEmpty": true,
    "_timeout": 2000
  },
  "copyrightYear": 2018
}